3 281 286 159
3 161 133 219
3 209 158 231
3 206 218 37
3 193 230 246
3 228 39 17
3 296 70 143
3 256 129 289
3 13 118 25
3 266 66 263
3 224 272 269
3 3 183 221
3 250 103 229
3 127 122 38
3 149 164 126
3 35 240 249
3 132 168 8
3 113 210 205
3 290 277 97
3 30 64 87
3 93 160 187
3 177 198 253
3 123 176 1
3 252 191 276
3 7 51 279
3 59 71 28
3 278 26 114
3 95 119 41
3 61 154 137
3 14 180 162
3 45 65 220
3 82 106 20
3 175 15 81
3 201 4 32
3 105 203 188
3 24 268 270
3 170 56 275
3 186 251 150
3 140 142 48
3 215 124 16
3 196 202 184
3 121 73 165
3 109 217 232
3 233 104 197
3 192 80 96
3 75 299 2
3 182 244 293
3 0 254 297
3 67 194 10
3 107 99 63
3 139 216 239
3 115 145 117
3 27 147 243
3 238 207 261
3 227 52 259
3 283 90 257
3 136 76 280
3 108 241 151
3 273 86 155
3 58 236 23
3 44 29 57
3 68 69 178
3 248 157 18
3 173 199 166
3 189 77 141
3 60 110 33
3 152 74 169
3 222 237 262
3 55 85 267
3 78 120 102
3 146 135 181
3 294 208 223
3 5 84 264
3 172 200 54
3 98 144 185
3 43 34 225
3 255 284 88
3 163 9 116
3 174 94 138
3 288 211 53
3 21 31 285
3 265 36 247
3 167 134 226
3 100 274 89
3 214 112 298
3 156 190 282
3 153 50 46
3 101 125 287
3 148 12 49
3 242 204 179
3 171 19 83
3 235 40 131
3 91 291 271
3 62 111 258
3 72 22 42
3 128 79 47
3 6 234 245
3 260 295 213
3 92 195 11
3 130 292 212
