25 6520 2080 835 3197 9982 6675 4094 2200 8945 4452 7664 8821 1549 8133 1637 9071 1267 7705 7292 1516 5088 3964 9371 3303 4746
25 4898 5661 960 6355 1867 7919 6683 3312 225 5862 7869 8880 6144 821 4744 9228 4694 8528 8962 1568 6215 4501 3501 7346 8026
25 6363 9530 7290 7416 7922 9508 276 4488 1271 7674 6705 1141 6484 931 5652 273 5466 9114 9801 2614 6616 6092 3787 777 1779
25 881 164 7793 9118 8780 495 790 8342 1791 7935 2939 1205 6556 2015 5725 1904 5523 9258 254 4577 6860 7307 4759 4283 3242
25 6548 631 9166 986 9373 2231 4064 1028 4381 8071 5275 4295 6757 3955 5746 3859 6918 142 1926 7417 8628 8158 4913 6286 4435
25 8606 2522 9568 2213 1895 2690 5722 2674 4576 823 5493 5082 7439 6263 6862 5660 7779 1115 5788 8569 8889 516 221 17 9269
25 9764 6933 8881 3599 2586 4614 4970 2900 6332 839 6068 5089 7827 7679 6905 6580 7819 4569 8515 9229 1095 9387 387 4406 578
25 262 6210 1636 6288 4470 7658 5110 4585 6496 4217 213 5320 8947 7960 9216 6877 9194 7874 256 468 2569 770 452 265 7295
25 3187 7447 2086 6639 6237 8955 5449 4930 172 4251 591 5775 89 8112 1018 7559 146 8194 4105 1739 4103 4179 4335 1780 9828
25 7003 1380 2270 7304 8392 26 9273 5710 1261 4509 1576 6925 1321 8921 2363 8729 1976 9339 9655 3010 4226 5640 6483 2264 9732
25 7182 6740 4092 8473 8543 546 1173 6998 1981 347 1802 7117 3373 9708 2825 871 5809 3 501 3309 4421 9326 7382 2965 5953
25 5377 7205 3652 9188 1564 634 3858 7645 5759 442 3153 5378 4276 9840 3148 2236 6233 882 885 5406 6828 5651 7759 7498 9772
25 6830 6914 5221 879 1948 3467 3886 8217 5853 842 4936 5445 4307 51 3384 3588 6380 993 1103 6260 7126 6142 180 3294 7791
25 9503 7285 6301 1544 2390 4701 4753 8615 6300 3108 6411 7702 4786 433 4230 4653 8650 1504 4444 7909 8837 1276 1280 6166 8795
25 2288 8739 8745 2345 4618 753 4934 9744 6593 3545 7524 8136 5002 1184 4859 5741 9469 2927 6442 227 9022 3999 2772 8325 8976
25 9702 2214 9638 3402 5451 2804 5635 1448 7981 4140 8097 263 5682 2183 5863 6568 186 3143 6672 328 9841 2891 4308 1192 8629
25 8160 5626 300 3872 5647 3105 5897 1460 1937 4414 8219 4820 6433 2206 6067 7350 1543 4190 7062 973 4159 7355 5767 4317 1359
25 7314 7186 6922 5362 6825 4792 6840 1465 6645 1523 8530 5799 8012 4006 916 7948 1992 4703 8491 1571 5882 2551 9360 35 2314
25 5426 8167 7589 6801 8029 5543 1419 5715 7258 2395 9619 6674 5777 4650 2232 2221 2757 4837 9299 2554 5962 3622 9731 2109 1228
25 9624 8239 1146 7558 525 1945 6909 6400 7837 3445 3230 7036 6699 4795 4893 2934 4413 7298 4698 5032 6565 4016 4527 5974 6557
25 7028 2111 1912 593 1855 5547 7828 6997 8214 4483 3462 8731 18 7479 5690 3386 7189 7982 6121 6725 1159 4329 9337 5340 3056
25 2693 8749 8643 913 1953 9666 9697 9201 8768 5058 6686 9259 337 632 9941 3819 7670 8501 6405 7276 5268 7282 9943 6023 1716
25 5679 396 2499 1974 4474 2423 2262 554 8920 8957 8069 4083 560 1447 1231 4447 8134 1896 6537 8311 8469 1925 5229 2672 2617
25 4532 4658 3630 3350 6969 3712 3660 887 296 9536 8186 7734 1332 1501 1521 6570 8621 4835 6592 9673 1349 3611 9162 4764 7626
25 129 8812 3647 7227 7627 6799 4634 3855 1575 353 8781 3176 1553 6540 3277 6773 8966 4877 7715 1920 1565 3621 9629 8333 4548
25 9489 2722 7590 7288 8449 7528 2986 3950 1601 1540 670 4674 7722 7661 3582 8341 9356 5933 7772 2259 1604 5248 9910 9861 2325
25 8452 605 8358 755 2932 7744 3326 5162 3473 4007 2416 5061 9036 1247 3585 9042 9532 6155 9257 4466 2247 8162 4554 9981 183
25 3491 6480 9426 2818 5694 8869 4294 6749 6476 4034 3295 8324 9770 1574 4922 817 132 7796 9584 985 2730 368 5126 4257 636
25 134 1983 1509 6531 5705 655 6035 6879 7135 5203 6579 9927 1290 3924 5300 2195 934 8400 9589 2251 6188 2572 5829 4367 4494
25 3311 4848 7728 8414 4019 2671 6660 6956 8330 6282 7169 9963 2060 4285 5921 2708 6265 9577 1886 5768 6807 5806 954 2496 5350
25 3905 2662 1811 36 9664 3657 6680 7440 9123 7025 7296 741 2838 4571 6903 4008 8148 1030 2361 6709 886 8445 3796 7834 8895
25 2007 6014 4309 383 877 3769 500 7475 2473 1017 8107 1648 3648 4600 6906 7245 8359 2098 5010 7876 3126 8948 4169 7912 8599
25 3198 7815 4396 1126 4115 3967 1166 9046 7602 1033 374 2501 3668 4909 7600 8277 8723 4045 6013 9802 3156 9779 4310 5786 206
25 9751 2605 5104 1853 4193 8890 1308 9161 8861 1355 2434 3484 4787 131 5591 9278 2267 5312 8613 9872 5439 3613 6164 231 2836
25 1817 7970 6195 5231 4263 1589 1955 280 9729 1789 3225 7729 6290 948 6238 1305 2568 6505 9743 50 8439 4788 7471 3396 5518
25 1594 825 6664 6196 9008 3933 3183 416 492 3313 3288 7843 9217 1856 6401 3109 4429 9347 3267 1152 8901 5259 2529 4639 5688
25 5317 3555 9280 3634 8006 4055 5059 939 4221 4743 3854 8644 1909 2002 6885 6308 4897 111 3355 3466 9246 6087 4242 6995 6985
25 5593 9358 1578 6236 8078 4457 6775 2012 7087 5085 4020 9734 4107 2279 7323 9603 5718 1037 3807 5111 1393 7456 5464 8570 5621
25 8048 9919 3571 7052 9669 5970 7915 2048 7595 3345 5152 4005 5369 2702 7362 9608 6153 2812 3885 5496 1555 7521 7396 9674 6736
25 5864 5327 1242 1180 9785 6028 9079 4584 8882 3991 5285 7166 5707 4056 1181 1025 7147 2857 9722 5810 2974 9578 8207 55 7491
25 3887 4924 209 1449 9916 9425 9324 4643 9504 4627 5743 8597 6267 5193 4268 1681 648 4552 1391 8817 3725 119 5712 6291 652
25 3749 7448 1591 5108 3208 1175 759 5080 9643 6219 7400 8735 6632 8291 5113 2681 4895 5706 3595 358 6137 1833 8443 9279 1534
25 5763 9479 443 7422 7374 3617 2754 7016 118 6447 7931 9811 7926 8523 5814 2938 5287 6673 6751 602 7013 3471 1651 7436 165
25 6581 285 5804 7833 386 4222 4330 7700 1745 8073 8252 338 8164 8944 6027 5137 5304 8706 8002 3784 8076 5024 6331 1198 451
25 9451 4757 7334 5354 1899 3921 6165 7790 2399 9545 9763 586 8789 8980 6328 5343 6538 8943 8666 5242 2867 5292 7085 5925 2031
25 4998 6808 8761 7557 4050 5468 1488 8 2909 2167 1348 899 1240 292 6329 5579 7389 9823 3164 7184 4933 9749 9481 8839 6141
25 5997 2304 2021 7648 4799 1827 3730 236 4855 2320 3160 1178 2120 1514 6446 7985 7406 9874 3255 472 6661 1206 9787 2892 3655
25 1725 7821 4794 7760 9467 3420 5757 1825 5177 3182 8138 1335 2528 2972 8507 820 7736 1204 4030 814 7765 1440 1611 4361 8000
25 39 6717 6960 8521 9990 3811 9077 3083 7009 3341 8203 1351 3327 4036 214 1032 8696 3344 4071 7680 7871 3558 2937 8913 4205
25 2984 8251 7027 1168 4372 4697 1154 3488 7395 3597 9207 2985 3526 6482 249 4579 449 3433 5692 1720 7917 5861 4239 2740 5639
25 1119 1003 7455 7394 7653 9053 2595 3499 3981 4633 9458 4558 4100 6778 332 5182 571 3998 8684 2739 2357 6993 7860 9821 2504
25 3330 2820 7749 2241 8835 9374 3850 3546 4132 5944 309 7383 5076 7911 3130 5582 3365 7575 382 3285 3137 8262 7992 581 532
25 9444 7146 7817 2266 9276 9637 4983 3701 6079 6741 1210 7662 7041 8011 6083 7643 3423 8236 1310 4669 3317 3757 8403 1559 1021
25 7329 7621 9944 6436 62 1774 5014 6861 7353 7863 1765 9427 7545 8146 6097 8494 3567 100 2833 4947 4555 7161 1987 3986 5624
25 7373 9400 1237 6578 333 2930 8602 8427 7717 7902 4304 794 7 11 6469 8586 6712 909 3928 6693 372 9598 2935 1258 7599
25 1666 4148 3431 4847 721 5224 9492 8917 8635 8091 4428 971 277 114 7033 2776 7118 1916 4110 8719 2898 513 4069 9197 7778
25 2881 8019 4486 9959 3763 5826 1268 1207 9284 8154 4926 1877 481 1761 7386 3394 9305 2158 5644 409 5467 4438 5830 1443 3297
25 1908 3173 6323 683 6608 5845 1831 2283 9520 8922 5726 2014 653 1826 7515 4441 9314 2460 7230 1841 60 5765 7388 3699 1775
25 9011 5136 6691 2305 7088 5855 2542 4683 1112 9606 7004 2766 781 1900 8058 7663 590 4722 7354 4422 109 8854 8968 8592 3496
25 9099 1172 8799 5835 9288 9281 4417 5948 4531 841 66 3997 999 2441 3671 9760 1229 5574 8620 6989 575 297 9223 8860 4439
25 6935 3213 4994 7427 1650 1424 6026 6617 5827 1352 330 4173 2474 2673 4383 9923 1330 5686 1770 2446 1788 2051 354 381 7319
25 6362 4026 5093 1736 4630 3114 7086 7592 6202 1731 515 4962 4014 2942 6104 1403 1547 5801 4300 2745 1996 4106 414 3014 9429
25 6495 7900 3305 4491 6583 4611 1110 8089 6781 1839 544 5352 4287 3422 8433 2876 2733 6510 838 4720 6735 6278 588 3408 456
25 9648 8808 4665 6353 3052 5758 1869 8910 7278 3133 1065 8278 5963 4218 400 3165 4411 6895 1026 7478 7884 7429 908 3931 628
25 8070 107 9238 6671 6519 7266 2742 152 7467 4240 1583 9138 6018 5029 1561 4139 5346 7480 1361 8381 8331 8415 4215 5056 7042
25 1071 3180 9626 6972 8182 7340 3094 997 8336 7300 1787 9853 6572 5376 2126 5541 7672 7758 1665 8791 8849 233 4589 5734 8713
25 3206 6627 7438 8905 8365 639 3301 2979 9328 9717 2151 779 7567 5699 2743 317 9375 9105 2106 1426 9902 1663 4651 3805 3088
25 1721 8625 1197 2999 9378 1124 3308 3840 1086 9946 2326 1212 8283 6653 3554 322 157 9175 3047 2307 161 2961 5623 1331 5197
25 6181 8960 6501 7078 357 1281 4904 8334 4526 1800 3172 2963 8503 9799 3895 809 3211 1785 3663 3178 437 4068 7149 4118 5436
25 8402 6696 28 7848 3430 1960 5051 8904 4943 2428 4167 3440 9212 2044 4504 5299 5976 2212 3832 5228 771 6460 9908 5737 6911
25 4944 6902 6122 8842 4887 3245 5766 1730 5194 2720 4178 3497 3342 3331 7240 6296 7338 3676 3929 5590 791 6898 218 2003 977
25 8786 4659 7943 3732 7637 4024 6404 5122 5217 3734 4507 5497 5911 3510 21 6529 7472 7348 5807 6719 1285 4312 542 5008 8950
25 1572 744 390 4127 8553 6135 235 6173 5389 7114 5696 5860 7750 3862 1118 9727 8197 9998 6493 8430 2668 4588 3125 7264 1035
25 8784 4612 4249 9417 8596 6841 1312 8631 8023 7573 73 7251 9403 3871 3723 9730 8255 961 6842 9061 7239 6431 4162 1074 8659
25 2491 7578 6428 4 1318 7101 5562 9343 691 8227 1979 2748 9892 4916 3825 246 2216 1757 8404 9268 7538 6779 9714 6385 7854
25 2787 2237 805 3758 2925 7160 6444 9465 4305 8537 3362 4914 808 6932 4400 1167 3568 3375 8949 4060 8216 876 4907 7914 8441
25 264 5812 7497 4952 3073 9726 8347 9899 4566 562 7537 5172 1457 7305 4721 1842 7137 4528 9002 9394 8983 5365 5957 833 5597
25 3864 8576 8051 5238 3369 1299 8627 1525 4892 1043 7887 5385 1769 8674 4954 4503 7613 5220 9894 9621 9547 5738 6679 1432 6101
25 4303 3982 8306 9414 4415 2271 237 2565 5050 1482 8209 6522 2233 9178 6618 4979 7730 6650 847 2258 6213 7090 1988 8184 3762
25 7280 6207 1371 9627 5842 3480 574 2899 7179 4035 9480 6920 3388 9409 8916 6465 8589 6777 4932 3659 7928 4778 4012 207 6397
25 8038 7318 7527 616 6369 4076 3945 6410 9421 5936 4660 7040 4565 9698 9668 6795 9086 7640 5519 5252 611 5012 4542 4023 1452
25 8991 9459 8364 2018 7312 6352 4771 7987 1104 8838 4726 7208 6809 9838 272 7357 9911 9948 5673 6407 1163 5211 7510 4666 5634
25 6382 2366 8902 2953 8545 7867 4793 9485 2073 9264 4728 9615 9533 222 700 7675 757 1364 6424 8875 193 90 7748 6786 2534
25 446 2367 9653 3452 1383 7977 7452 2068 8141 617 5222 476 752 680 1053 566 3692 1533 7138 8930 527 2510 9650 1530 3138
25 6514 7923 2197 4464 1659 8373 8699 2495 9115 2700 5586 1967 5057 3257 4125 3427 4165 4354 7635 1314 2420 4853 4590 3221 5463
25 1816 8046 4196 5979 1928 8540 169 2584 640 3075 7740 3089 6049 1386 4890 3806 4511 5689 8192 1385 2593 5355 5529 6192 8953
25 5156 9447 5279 6970 2280 1334 284 2632 690 3217 8386 4067 8126 4075 8593 4078 6020 6803 1619 3608 2658 5650 6576 7574 8379
25 9509 440 9974 8173 3517 7203 431 4203 761 4342 9111 6065 9101 4791 9195 4455 7127 7803 6114 5006 3754 5910 2608 7682 2913
25 1680 2682 1215 5373 4459 967 1964 7889 3601 7469 1633 6345 9390 6317 9334 6318 8658 130 6158 5208 5246 6990 2774 8179 7437
25 5452 5176 3674 5462 8740 1950 3746 9405 5360 2556 2585 8711 922 8814 2699 6657 234 1283 6899 7215 7994 7411 5302 2354 7458
25 2198 9060 701 6340 539 3669 3809 9893 7188 5649 3607 9694 1117 9003 3640 7216 1422 1910 2717 846 8580 9878 6967 8204 7659
25 1545 9193 1179 7932 2846 5512 4846 1381 8832 6551 190 531 2709 63 6395 7571 1584 3846 2971 1510 3961 2541 7330 9527 7634
25 4144 584 5100 6053 4583 5667 6472 6926 8866 7688 3987 3106 3271 1891 6766 8798 1837 3902 3079 3322 5909 5115 7780 7492 3755
25 8244 8998 7352 8346 4597 6500 6502 6976 8872 9542 4535 3579 4241 3912 7769 9850 2679 4803 4972 3641 6999 6330 216 110 5665
25 2147 461 4784 9488 6852 8275 8068 7351 9013 929 4607 3589 6046 4271 1495 483 2976 6003 6421 5469 1169 9203 3199 1442 7930
25 2343 594 9782 1968 926 14 9825 7755 2188 2466 5492 6078 8535 4670 2030 1059 4289 8370 3722 5823 3040 1100 6175 4940 5550
25 6012 2027 1415 2316 4254 1093 5697 302 4678 3009 8436 7523 2033 4756 3853 1333 4557 8571 3831 5876 3587 2908 8640 7256 6453
25 6689 9100 9372 4281 5282 2941 8163 5070 5235 5103 748 7667 3880 6119 7993 1640 4595 638 4782 6280 4175 3013 9497 184 8853
25 2918 2364 619 9628 5517 5323 2866 7952 5507 5527 1567 8152 3937 7543 450 2136 5322 2249 8668 1156 5129 5988 5358 2463 816
25 2646 9588 1073 155 5592 8669 3979 3788 5672 250 1889 8988 3995 8049 1859 2321 5915 3764 8952 1541 5227 6829 8612 5498 7233
25 6792 6663 1188 4668 8210 320 6162 3934 7901 582 1998 2239 4896 8896 2054 2552 6744 4102 9107 4556 7145 6945 486 6785 3072
25 1322 8836 2119 735 8490 1693 7379 4117 8286 2405 2128 2411 5398 9074 2360 2871 7654 5298 9996 5046 7751 7030 4975 9044 7568
25 723 286 3838 3066 9814 663 8522 4246 8652 3223 2282 4631 7582 9870 2482 3103 7832 8919 147 5266 9117 1038 8958 356 5441
25 4460 4320 5130 5595 1140 5949 5990 4269 9475 4946 4661 5513 1664 9960 2996 4481 9332 9984 1709 6838 526 1218 2715 7204 7691
25 928 4985 7929 7713 4475 6791 7950 4334 9866 5328 4923 5648 6150 2317 4040 7594 72 949 2514 7444 831 8996 4963 1297 5531
25 6462 6560 8102 9410 4748 7197 49 4888 104 7609 5150 6685 7694 3363 4338 7794 324 2070 3596 3001 1260 7898 5848 8129 7023
25 4074 6621 9735 2315 5695 8028 552 8185 105 8496 7788 8025 8744 6337 6605 8005 1061 2353 4272 3270 2409 9245 9272 1263 2306
25 9880 3889 2082 2553 6701 9311 1029 8951 232 4999 8172 2163 8759 6494 7022 8479 1737 6230 5558 4838 1863 46 9999 4881 2896
25 694 4181 5837 4549 8094 2430 5627 9012 3059 6957 567 3212 8831 9448 8181 8897 1822 6307 6057 6857 2731 1882 438 6414 2663
25 964 188 6595 5544 8459 2626 7074 9306 3222 6979 4521 4841 9871 716 460 176 2555 8752 58 7119 3615 9464 2683 2373 3906
25 7253 2242 8016 6439 8707 3620 7120 1815 4032 8363 5760 6252 1264 1864 1217 1840 8132 9549 878 1405 7886 323 3794 4617 1866
25 9788 2877 9958 9072 795 8446 8080 2222 4278 1603 8084 6458 1734 3335 3498 2852 8281 9592 2157 2883 8329 3184 4286 4637 5883
25 2261 7332 2433 600 1975 622 9155 2624 5429 2455 9244 7580 2920 5411 3626 3485 8450 12 5413 3174 8911 3236 6419 5155 8448
25 5625 7616 5018 697 7858 1101 9575 3524 5866 3149 9876 7603 3649 7738 6157 3569 9432 1704 1136 3416 1227 4236 9907 8552 3833
25 1989 4265 8108 1191 1046 1414 1027 3593 6591 3175 2040 4955 4161 189 9424 4692 2077 4062 2047 4860 1435 7484 217 8682 1190
25 558 470 8161 1436 1221 3038 2322 4681 7968 4042 4894 5397 4539 726 9690 5154 5258 4917 2149 9416 1492 2547 688 367 7956
25 6855 6564 201 1754 1296 4553 3417 5144 7974 5265 5409 6837 5555 1524 1751 6848 5267 6350 2773 9951 3793 4949 2711 7651 9295
25 2692 7716 1672 5240 1719 4596 3477 5822 1620 6939 5511 7171 6310 1796 4275 6888 5372 9051 3129 375 7660 5007 3842 412 1763
25 2056 4253 3879 5727 6025 5402 3679 5961 2477 7123 7570 7807 6364 1984 4971 7252 6132 9247 3983 2975 3031 5278 4070 7164 6720
25 8343 7584 4939 6782 8258 5570 3682 57 2535 8369 96 1511 8848 5253 6266 7811 7192 9778 5158 3237 3104 2061 5919 7268 7359
25 171 9097 6169 2000 8828 8563 4323 1778 4581 920 792 3439 406 5890 6630 9241 7413 9879 8098 4745 3822 2116 6106 9461 7399
25 2289 9600 3278 3581 369 9688 4772 1905 6123 4061 2094 4235 3025 8034 6713 140 8547 3577 9709 6214 4559 6080 7229 9954 3283
25 9986 8253 4443 3878 1647 925 5516 3110 6172 4073 2736 4290 3977 8350 42 509 704 4882 64 6394 4921 6231 800 1378 9593
25 3215 995 6048 5371 2815 2509 6191 6002 7113 6221 3276 7721 4986 9080 244 536 1164 5188 565 8476 4997 7430 2370 2331 884
25 7228 8971 6763 8777 6654 3827 6845 6413 2607 7531 3834 9381 5034 830 313 1122 1425 7668 963 1701 2243 4747 9478 4734 4358
25 8143 1705 9474 8891 8007 5967 7364 7092 5663 7964 4656 9864 5588 2108 3578 1389 2413 7976 976 2483 2285 6377 9528 84 7561
25 2155 2122 1614 577 9256 7508 298 7920 6892 8647 7024 173 6747 2139 5778 3594 4817 9376 1315 2580 3810 7504 9700 4762 1444
25 8762 895 4340 1542 2878 7513 659 9875 8268 9049 8100 2175 7764 2831 6794 3778 5871 32 1738 3720 5532 7754 4258 7947 4113
25 8868 4095 946 4713 3379 9822 1711 1084 8671 9396 9611 4582 8008 7021 8774 3813 6432 98 3636 3768 5831 3547 5446 4953 5889
25 3548 5501 3411 8175 7167 3512 2697 1092 1309 9695 9660 5179 8801 8396 8852 6512 6518 661 4606 5071 6071 6217 6669 8271 9642
25 7904 6994 4928 8718 7924 6190 3537 1560 1673 2470 9945 6666 9181 8588 9847 7873 6815 2217 7363 5852 2084 6651 6681 3179 2756
25 5480 8619 4961 915 8356 6312 3661 5309 2610 5534 1051 9096 9914 9918 200 8310 5009 4057 2458 7366 2107 7325 8031 5067 5157
25 251 5490 8165 3631 9220 7841 3845 6613 4319 9769 1145 1099 1170 278 270 8582 7921 5713 2889 7781 2744 8115 8453 6304 9346
25 3737 2512 8973 9524 9762 7925 725 30 6367 52 1244 2880 2287 689 3665 8816 8797 6224 3403 9846 2811 8463 2291 9672 2759
25 4810 2193 4337 888 156 8014 2310 312 6913 4164 3419 6886 3339 1497 4126 8938 9143 9571 5524 4648 3260 8975 5654 9736 3904
25 1480 2544 6248 1707 890 9206 4479 3074 7560 4328 4296 6938 4137 2351 5256 1121 1279 463 7421 5503 3918 82 9250 8641 4426
25 9586 6927 6281 7122 1438 530 4708 5716 7770 4453 7826 121 4440 2362 6871 1652 1872 3549 8846 6891 4899 3552 9601 8840 474
25 5151 7207 1502 16 1938 2010 5124 9635 8057 7043 8425 1949 6543 5744 7247 1717 2729 5887 746 866 5514 1062 3481 5295 3300
25 4673 3478 4043 170 7255 6167 8498 68 8328 7961 9026 1958 7096 7180 7799 4912 5386 7697 2350 6129 8101 2036 9329 6151 1087
25 4981 553 7384 3493 7277 2101 9031 2713 9237 8153 1076 2105 420 8457 990 7474 8662 8900 2599 7084 2431 6870 1849 6358 4836
25 8284 911 8624 3909 7743 3042 9891 4121 9988 8639 3672 2950 804 9824 1875 9210 9701 1015 4195 7737 6839 8130 9594 5850 7372
25 7882 1295 9540 8454 9518 3728 2043 4522 7880 9636 4737 4480 1368 3632 2781 9351 1450 6381 4434 9266 83 3092 2165 8113 6399
25 2806 2978 3897 1580 1162 4166 3020 7297 8327 2753 6532 8877 1616 4657 4861 543 2660 7839 4741 912 95 3298 4529 7356 7910
25 5984 3359 6220 2334 3509 8349 3306 7865 9136 2769 75 9937 3380 5410 5840 1049 5600 8004 8118 674 3177 3429 6516 1266 5370
25 6131 7109 9950 4525 4754 8467 7178 8382 9496 3770 484 709 3726 1138 5865 7676 7286 8887 983 710 4591 3553 3941 5359 8096
25 9158 8272 1520 4751 8103 3220 8234 53 139 5270 1526 850 3876 1862 6418 1010 7895 1529 1357 1157 5336 5273 5631 2131 3181
25 4184 2204 2406 6170 9304 4699 9654 4362 524 7397 2718 4495 4781 2724 6843 3200 2187 2161 1718 1682 422 6208 9148 2911 693
25 3515 3118 2505 293 473 8247 2472 6103 2442 7495 8081 4806 6764 6854 8149 5946 4598 4733 2755 2339 1269 6876 5872 3269 3071
25 6145 9184 3291 695 511 8377 4041 6982 3680 7509 6043 6535 7199 8218 8211 7050 4740 5719 8561 3019 1350 7378 7918 8513 2749
25 3625 517 4291 711 720 8442 4202 7649 4739 9146 6047 7049 7327 9696 9623 7107 5180 6739 1813 5087 4641 8083 822 1387 8413
25 5664 3399 88 2696 2138 2402 4299 9333 5723 836 6110 7412 7757 930 274 7782 6074 6869 8703 1193 5005 9344 4392 3715 9293
25 6 3910 7620 4854 2790 2847 5473 607 6868 1288 8562 9971 9625 1340 1056 9039 6497 8109 9534 1294 6996 9659 6338 8121 108
25 2298 3960 1934 415 7238 3816 6796 1223 7140 1427 8963 385 1675 1883 1846 3282 7170 3281 1515 2758 7984 135 8766 4995 1431
25 2517 9402 2863 745 739 5356 686 2897 7520 6702 9439 1959 4870 2016 1881 7656 7606 5011 3681 2944 2294 550 9486 5361 7686
25 4536 1293 4864 2904 2398 5456 2338 4574 8021 7822 9693 3772 7890 2037 2914 8820 7951 7604 4096 3696 2444 714 2664 7808 5000
25 4647 6259 6085 3166 4114 9965 3698 5247 8741 9728 3875 3818 9881 2922 6722 9209 8110 7856 4432 3812 4805 4065 5981 311 4351
25 3139 7195 178 504 5800 5170 4682 6042 9590 1005 9106 4080 1471 3085 8120 9443 8354 1466 7018 3963 8678 4712 9379 737 5062
25 4029 8299 921 958 6138 6924 5142 7519 91 1016 2168 5774 1474 4885 321 445 9839 1645 8546 5477 5772 8878 3685 907 2074
25 7476 9433 1328 1303 9758 3062 6975 8803 1627 1337 5204 7489 2244 7326 6422 556 635 2949 8633 5567 765 9442 3883 2127 3185
25 19 9616 1814 2344 2415 5335 370 9456 1635 2103 5472 7628 6146 7698 8482 1481 685 4676 947 6315 2454 9462 4448 8468 1356
25 1847 5991 5833 6588 2851 5412 1593 1139 3667 2903 6093 9932 6443 9632 9633 1812 1289 5609 6022 6856 2464 9746 6251 27 2612
25 3779 9221 410 6708 3057 9267 4807 2226 5169 3112 8751 703 6866 1929 331 2479 1490 6059 6356 9781 2590 37 8297 6936 8017
25 5658 9844 4679 6810 7367 133 5937 3742 7596 3520 1246 919 7955 2817 1098 8056 2017 6511 1284 9934 4151 1147 5226 7535 8954
25 7741 4730 9979 8387 7370 1398 7426 154 8282 4809 1500 1873 8125 3713 3076 8471 2254 6598 1656 1835 6029 1969 8978 9000 1551
25 4380 4220 2652 9330 9176 4256 9957 1820 9342 5073 1807 5675 9675 3942 4051 8532 3328 7617 2041 1919 541 5607 9041 4941 2850
25 5739 9017 3003 6822 9187 5153 1097 2606 9820 5293 2372 7423 9976 4293 4671 9066 5404 8368 2598 2882 4801 6098 9063 5914 4640
25 4112 9507 3694 8676 2380 5454 1298 3566 1194 6277 6091 7512 116 6126 7893 9165 5499 9557 5028 4001 5403 7434 4774 9253 4390
25 5437 7293 8114 9477 2943 7888 2273 5143 3472 9059 7108 8859 2589 7591 9007 2159 5568 97 8539 6571 6682 1649 9404 388 3475
25 3940 3015 1345 1372 3275 8520 2327 6105 3781 646 682 304 2719 8715 9093 2387 6919 1970 9290 9202 6726 2348 428 4818 8067
25 2591 5802 6427 1392 4101 8796 2613 6859 4201 5793 1980 3243 2992 974 9901 3093 8517 3067 696 144 7703 3035 5553 3023 7193
25 8411 5078 9862 4243 5054 9710 3896 6884 5418 8193 2849 3688 8873 3434 1570 3542 8637 5698 1353 1710 8063 5508 8727 8226 5537
25 2142 6005 252 5485 6760 914 4599 789 5906 8470 4819 6289 9129 7581 3195 5927 9543 5846 1396 3387 8384 5912 564 9647 8294
25 8736 1234 2721 8390 8375 1446 4766 2497 7209 8850 5283 6626 9687 8295 5825 8724 92 260 6563 6007 840 5924 994 2710 8605
25 5894 4485 6634 1214 9641 1767 5281 5214 7453 9570 6302 7401 1300 8979 6406 8775 93 1048 8372 9275 1888 344 2053 7261 6947
25 7496 6250 7565 1256 434 2063 5781 5614 7615 807 6768 8428 1445 9752 9860 9716 1626 4783 1498 643 2515 4849 8677 951 137
25 9784 9303 8170 1946 3319 6396 6567 9885 8661 1766 7217 8487 1741 61 2176 901 2171 8250 2459 1130 3140 5315 9038 3534 644
25 613 3435 8565 7302 5133 7151 7403 9969 295 2383 8085 9137 1746 485 3591 3234 4518 9357 3142 4136 4153 6415 9397 8845 5134
25 3163 4316 9889 8200 6203 7265 8001 342 1329 3251 8303 31 3707 561 5535 3378 5181 9682 3956 6769 7284 8302 618 7624 6099
25 6729 6272 345 9350 6239 279 8301 4077 2085 3261 8892 2638 3789 2424 6478 5769 9128 972 9317 8228 8516 1750 856 9903 1722
25 6108 7248 4749 9359 6688 2302 9081 5655 3673 4311 1158 2841 6194 2799 6546 9883 9383 2296 9651 579 8805 2854 864 1944 7097
25 854 1686 6261 1039 8672 2616 1985 6655 3823 4564 1943 3658 6523 7896 7313 1902 9386 3037 1089 718 8986 3272 3159 2143 5530
25 4301 3338 7221 3532 3424 2694 2179 7011 4398 5421 2234 4578 8475 8177 9750 2447 467 4044 1735 1472 2667 4436 8931 2887 7310
25 4845 6949 1776 6247 3733 5643 3333 7339 5636 9091 2843 4871 9973 980 371 3364 1914 5351 5569 2349 4761 4863 1344 4207 9076
25 8885 1579 2352 258 3890 6133 3418 9595 6784 9113 3007 5099 366 2389 595 3739 2489 5638 6113 4604 6959 6690 3100 4379 8139
25 3134 6070 3775 1341 4738 6789 8298 4288 8709 1045 3584 6030 903 2746 2828 5066 2639 5733 7677 4991 9160 9225 5973 8389 3776
25 6072 6934 5755 1401 6440 8645 707 6872 1055 1196 5476 6619 979 5171 3273 5628 2782 5983 9141 6183 9926 3421 6487 1629 1582
25 8079 8478 8313 1406 2230 421 772 637 2582 4790 5735 7891 987 5347 4973 5702 3598 6001 2135 7058 2615 6032 1786 5546 6058
25 9055 8587 3310 2519 5819 535 6061 1512 3219 6216 1552 8171 2260 8691 8041 5922 3740 7156 2845 8500 4908 7838 4072 6831 6665
25 4996 1091 3975 3642 5905 4277 6187 2587 3628 6550 3289 8378 4831 9040 9476 6284 3992 9103 3943 9913 6575 9302 8201 7075 1113
25 5159 2412 5482 3944 9139 5202 8607 2890 6534 1060 3482 8697 5566 9572 4471 7735 8273 9680 6299 9977 7916 151 9169 9699 5239
25 5674 3054 8279 6149 117 5280 9384 3925 6814 3258 5629 9472 6734 865 5461 9353 8290 2478 7550 303 1081 2425 6706 7954 1320
25 9780 8458 9434 6264 7047 5899 1441 5474 7324 4267 5893 56 7309 2365 5642 9362 9415 3528 7836 3080 2875 6585 8224 8594 5081
25 8525 8683 9742 8863 8015 6958 3525 7308 7753 5596 6268 1149 7709 2793 6168 557 9546 4857 8776 3253 3455 7652 724 2814 6325
25 205 4247 9773 9678 9172 8918 7139 7777 9132 6461 7157 1606 9262 4192 6733 1455 9832 4993 8939 4197 3710 8241 6704 3490 196
25 2112 4412 3759 676 1874 3314 7315 9807 9573 7714 7786 6802 9321 5272 8337 4229 2788 6908 9322 4957 6833 1239 9712 4911 3503
25 3494 4082 4091 2588 2659 7080 7419 1887 9753 503 9761 7597 255 5659 8393 4690 3033 8053 198 5173 9806 5753 6297 5616 3292
25 6055 9090 5209 6714 5090 7529 7908 3915 1732 506 336 7804 1804 6430 9898 7792 4266 9157 3111 7066 1951 6254 8332 5669 3155
25 3877 2893 5367 9277 6756 9205 9793 4259 1834 2765 429 1001 2347 7486 266 8099 4433 1585 4176 9499 8318 7689 5368 6066 3224
25 8087 3081 6559 1631 7814 283 248 9452 3087 5995 2869 1453 3189 9809 1613 8317 4798 1857 6063 826 8524 8137 7130 2485 3286
25 8893 7431 464 1884 7938 2235 1250 2578 4686 7442 3051 2988 7586 3086 2227 9947 6561 4393 9369 1128 673 8764 287 6812 425
25 2735 8767 775 8230 9550 5077 1753 2644 4813 7457 3514 3572 8460 3616 2968 829 6589 7988 9895 1487 1412 9917 1195 8059 5571
25 4625 9028 623 8717 6322 5797 4594 3560 5092 9168 5681 3798 803 5736 7829 927 8708 9671 407 1602 1592 9928 2265 9124 7503
25 5898 9355 6915 824 8825 6303 5388 3662 6089 905 4227 3815 1143 6944 8841 1901 9131 1924 3167 2333 1829 2907 2989 1513 3536
25 1107 3908 7404 1275 3947 7752 1129 5003 6623 1404 6597 4418 2079 112 9213 2278 9987 2089 3691 2419 2145 5645 4002 5069 8595
25 1216 9869 8573 1469 4395 8399 1588 5149 7306 1972 6603 4903 2438 1854 2712 2525 2329 3232 4377 2940 6984 9765 7699 5296 362
25 2959 4869 5037 4013 982 8438 2022 6577 8088 2437 7333 5435 2452 3441 4375 2701 7091 4608 5075 4635 9047 2727 5184 3972 5138
25 5424 6004 5455 7048 1144 9531 2481 7299 8361 5998 8760 6075 3266 3666 5728 5161 7415 5043 5851 6492 9449 7816 6276 4874 2469
25 3041 8702 5756 3533 5606 2462 2573 8256 9842 7435 240 8560 4714 3695 6024 9755 8104 5811 9745 7767 162 8195 7556 6243 5190
25 5604 9313 5901 3606 7008 5236 3084 8506 159 7514 341 8585 5444 4382 6368 4213 8362 6503 230 8116 1608 47 7610 2055 3507
25 5917 4468 8246 4200 7532 5251 3949 2980 1623 8567 1182 2117 9955 5200 7407 5116 9014 8374 813 9634 3050 379 74 7343 2654
25 559 7168 8417 7983 8320 8933 4960 4297 1684 9073 1347 3032 4508 6193 7473 6209 9975 9564 1313 1479 6320 1088 1642 1407 4580
25 9657 7562 441 8338 9057 9561 5685 5874 3024 9511 1965 4826 6343 6517 8871 8391 70 158 1397 3372 6846 4325 2543 1991 3028
25 3186 2839 2636 268 9423 9900 5820 8168 3218 9774 2651 5939 8510 7274 8928 8488 373 1150 1715 4469 7812 6983 5704 6372 3911
25 1374 5610 5102 5520 9428 1236 8225 8538 4037 9815 3141 9419 8886 7894 9401 9331 1077 1171 2162 4524 4655 7234 271 6850 9548
25 3705 6485 7502 7094 523 1311 9460 9776 5107 9890 4186 3390 9859 1558 941 902 2110 2181 5583 5836 4777 8050 2174 9915 2368
25 9153 7720 9349 7210 3115 2807 9491 3045 7155 3395 4680 5163 520 2536 2192 1248 5565 3207 5828 5992 4828 8119 3654 508 2133
25 3829 1209 9441 9068 6010 4063 3463 3192 7847 6275 4742 6423 2813 8074 2628 1259 5881 3874 1671 6986 5796 2005 6607 2013 8485
25 4575 2379 7701 29 7059 6649 7727 4988 8259 7316 5257 9935 4332 2295 2924 1467 6140 4770 2785 8810 9604 2113 6636 5448 6610
25 6102 1486 3550 507 7881 8632 7797 5160 8316 9285 6584 677 4886 3107 4364 1963 9721 7060 6929 9867 2205 7800 8105 7079 6953
25 1773 8489 5319 2506 8800 9130 1562 5212 9412 9849 7766 944 5407 3605 8408 3078 2 7069 7236 3686 2397 2401 124 7317 9366
25 4163 3704 8432 2670 2099 9370 2560 5608 2564 1177 8322 1031 6991 4027 8783 3127 141 8701 8003 7260 2449 7263 6753 8663 8704
25 4735 4087 8555 3513 3684 1417 2856 9887 3465 1838 8811 1369 8756 4352 9125 4875 3144 8925 8043 9454 3919 7369 8421 3158 2486
25 4385 3592 4664 6611 6642 2050 3201 4017 4545 4389 9446 6262 9015 6045 2114 5622 4374 936 6257 9854 4858 9167 8982 5904 4603
25 1724 5721 448 1213 7623 3543 5215 4261 5381 4920 1777 8772 1068 6670 2498 5789 6767 1070 6614 1726 7226 2650 1473 8456 4586
25 2330 8150 4891 2148 7630 8480 5330 7035 7802 7173 5216 9254 1986 9035 2538 7990 7795 4645 6770 2885 9411 2775 2503 2182 6348
25 2439 1622 6526 8793 8206 392 6229 7805 3500 9001 7111 9319 2124 705 3891 9980 8312 5297 6968 2973 458 5603 5074 2809 9189
25 3623 6656 8564 614 8997 965 6374 8686 3618 9016 7257 136 5276 1956 5701 1911 633 6283 7564 5083 1632 5790 5420 4873 2173
25 5321 2802 8212 4038 1273 2966 2045 2407 4938 480 1047 2894 7872 4462 6553 2172 1006 7344 713 7200 5301 4969 4090 67 5821
25 5581 7945 8420 4689 2403 3097 4182 2789 4956 1470 2369 3603 8584 5416 299 3449 1069 7897 740 7611 5637 2728 8142 6200 2796
25 6692 2609 1251 6716 9725 4194 4677 2921 5364 2335 5055 4341 762 6253 1830 3714 3447 41 1291 819 6408 3804 197 950 4984
25 4942 2993 2313 8357 754 4424 5341 4371 5773 3116 5333 5714 897 7511 3697 3724 3899 828 2196 1262 9122 4629 9993 6454 5867
25 3703 4493 8156 1319 1940 5536 6127 6635 8642 3240 5556 6199 1222 8092 3820 3836 6354 2039 6728 3280 9567 4705 389 1713 5417
25 9437 7454 1249 1695 3049 5646 6730 6916 8961 3479 6357 7485 1292 9646 4219 4225 6549 3442 7054 3538 9614 6054 487 4174 8687
25 1660 4776 1587 6148 5618 9645 6758 7776 8985 5109 6383 8178 1598 2618 4523 5969 6941 4816 1439 5191 5931 6836 5564 9541 174
25 7105 6555 1845 6227 585 2309 7093 9555 9691 6177 6826 1740 4155 2868 4814 8794 8155 6293 1747 5691 3570 8770 5943 2537 3898
25 7972 8655 4593 9075 2346 3099 9368 9724 1581 7272 7577 2034 5396 3353 6625 9019 9968 7045 2952 5859 4183 2223 894 3077 5230
25 6034 9364 5274 3856 3191 3102 9552 182 2011 7294 658 3454 6366 3743 7136 457 208 1848 7172 6474 6867 3340 1064 6452 6285
25 7181 1456 6011 7644 4463 4901 2245 970 2286 7665 660 4108 7655 4966 7283 1658 4530 2531 8131 7505 7978 5483 2476 2923 2642
25 5394 4149 9069 9667 6942 5764 5563 989 2645 8189 4248 4927 8300 5097 8233 2153 5920 3719 8656 8090 8321 9896 7202 4177 3559
25 7468 6197 3927 9865 7569 185 7063 1402 3574 783 4827 6468 377 6973 8340 5244 7549 5042 1519 9243 3923 9992 2404 5004 6441
25 7291 2698 5779 1468 4850 5048 291 2308 4477 1528 7433 9929 1324 7153 435 5700 8509 6687 1906 1116 5732 2263 2561 5316 8819
25 1252 2987 5783 4047 7494 1225 5303 3124 6727 1687 329 1677 1824 8027 3389 8208 9790 7963 3296 1605 9173 4489 8967 727 8035
25 7347 3721 8380 5395 8040 1638 5798 3761 9291 1692 1336 1915 3604 1527 4131 8755 2451 8787 4498 1852 9810 6184 9686 2186 9232
25 427 5932 597 9147 719 2579 7014 4570 23 3070 2917 2156 5554 2801 5500 8788 3716 9393 9255 2394 956 6128 545 2625 9021
25 3337 8180 5425 9363 2180 6662 8923 4866 2091 3135 3400 3946 6437 5408 9027 194 4168 10 1254 4228 6818 8263 3154 8254 9798
25 7279 498 5900 9521 2268 7051 2750 5131 2905 3248 4172 5414 8695 6524 426 314 5805 306 2240 6966 8518 8857 5052 8557 5294
25 7966 2421 5708 455 5254 924 4704 7646 8305 5269 5363 5955 9747 7470 2726 2095 6638 1755 3069 9323 8864 4353 8127 9501 7719
25 8248 4880 6715 751 5611 1282 6552 8558 8579 5938 5602 8265 1079 8422 4840 2277 7542 4345 3204 6917 8956 8348 5929 101 4516
25 5084 2140 6759 2691 6242 1607 7065 8929 8690 7693 7696 8431 1272 8844 6316 2448 9134 5366 3358 7488 9930 8623 7857 4567 6668
25 7787 4306 54 7563 8106 2199 8679 9656 8765 818 8280 8738 2324 9852 6479 2716 3290 6403 5289 555 1690 2025 9558 7336 7732
25 7806 650 2539 8733 9271 2432 8779 9720 2429 1893 9163 9033 2490 1339 7641 3263 3448 6641 9523 1851 2511 2207 1610 8249 7933
25 2879 9398 3839 4394 1843 2886 9283 436 3415 2995 3002 1301 2562 2872 9500 4003 8638 7763 9789 2680 2751 5724 5255 8994 1007
25 2910 2714 5615 6624 4815 6125 316 4427 4124 3385 3250 3383 3039 4211 1131 5026 9261 8462 9884 3936 4684 33 8240 9361 6154
25 4135 4054 6228 8124 5016 360 3706 4458 4376 9126 4706 4270 4561 6558 1376 6163 432 8688 9961 4724 6235 3492 4208 3502 852
25 7176 7711 6489 245 8466 417 4133 5580 4391 9156 7201 6586 4867 8064 2566 7393 2152 978 2211 870 267 5290 6112 9644 1795
25 8778 5164 6875 1728 9723 3381 4513 192 4402 9964 1550 7223 5533 8122 6732 9005 4696 1952 3315 4482 5114 115 9380 1326 4492
25 2272 8908 7522 5213 1108 7673 5205 3170 5892 1235 4587 9490 6676 9067 6961 9940 5428 2100 8566 4797 5325 482 849 3325 8792
25 6921 1041 917 8822 4399 9607 5577 4731 6212 1434 5856 3021 8288 9563 8388 522 5528 4546 199 5166 7271 2784 3633 3624 6109
25 4789 1057 2075 478 4833 4454 5612 4982 6256 2842 6633 3436 8465 9837 8915 992 7131 6640 2492 6964 7695 2859 6402 7552 3539
25 5339 5971 610 2596 4925 5869 6695 5422 8575 3535 6800 3988 8830 3244 9034 1132 7213 1133 2981 7375 7973 5770 6475 4004 6016
25 1270 8243 3590 3861 5488 6980 6723 6342 778 5036 7015 4363 9931 7855 9620 1160 8401 2203 4122 774 8426 6391 3808 4214 5913
25 5348 8548 5106 8024 7579 7073 9121 6599 1630 9296 7544 4767 2640 8360 24 3370 9713 3766 7231 1306 191 1496 3900 4442 7742
25 7196 9705 6513 8366 708 8823 462 8989 2471 99 7683 4829 3756 9515 168 3932 2521 5780 7899 4314 959 1892 6887 346 712
25 8464 1655 6880 1759 1646 9580 4327 9307 3016 242 493 4839 5447 2020 1165 4010 3586 6076 7936 4349 1265 3027 7046 5479 5954
25 3962 3644 4046 4497 6742 1096 5033 9677 3690 2507 651 5525 6186 3683 1918 4502 4410 6111 8694 5332 1806 6147 7879 2132 5762
25 1554 7771 8912 5902 7875 1781 7499 2375 3866 3157 2083 7077 6375 4906 2723 9056 6392 7831 8757 9325 2621 9043 9544 952 6541
25 3980 3265 9535 6060 9133 2602 9052 3461 906 2592 3168 7825 8423 5096 4093 9327 6787 8577 9064 327 3229 2964 2752 3343 9831
25 6601 4450 9 6455 9222 3005 2028 3562 1388 4830 3747 8267 8804 5192 4538 9816 8405 439 351 604 3354 5207 4717 127 9286
25 2741 7997 945 1927 9526 3058 3561 2377 2865 5286 5430 8720 9457 8504 6292 44 9450 769 587 1394 3771 6176 5326 615 580
25 6309 181 2800 3863 290 3968 3922 4284 3650 6021 6788 3274 551 8790 7057 80 9466 1211 3171 2630 4081 8022 9054 784 6161
25 7937 873 3391 4431 547 4058 6930 6171 5683 7414 7129 4130 743 957 7939 220 5030 2032 4079 2778 5573 9440 4191 1125 8493
25 9310 8095 7507 8077 692 6457 8802 8746 7034 3619 9198 5958 1090 1518 2071 734 6100 4537 4752 2936 5670 488 5717 1399 1999
25 8622 8308 411 9775 1850 8166 9062 8977 9190 5751 393 6218 1756 1577 2081 766 6226 5277 5816 319 6232 1012 8344 1794 8722
25 9455 1597 4404 9905 5105 9352 9088 858 9599 5808 1505 6748 2518 2848 2224 893 8611 8495 5844 5873 7809 3602 9214 2826 4773
25 103 2678 8924 1698 5401 9777 1714 1243 1395 6987 5120 7402 2567 3011 2384 1997 9234 1819 7083 6471 573 5168 9618 4365 4990
25 1586 8692 1187 2902 6629 408 1723 2299 1566 247 5249 666 5199 3939 3356 2058 318 1931 510 9298 1961 5484 4369 6545 5098
25 4624 1907 6467 6900 8075 1772 2284 4662 1668 2386 5666 1694 6211 6865 3627 5803 2955 3132 534 477 7053 5526 8123 9922 7733
25 698 3205 8815 9265 8205 1832 2685 5178 3835 2635 8874 2006 6525 9110 4370 8626 2956 6612 1922 3046 9739 5551 9335 3791 8319
25 4823 8705 378 1475 2125 2141 8410 6718 4977 4339 9338 2066 6658 2488 5540 9204 7390 7605 2901 6095 1599 8771 6041 5839 4691
25 9006 9939 1066 9112 5183 5020 9912 8093 6222 7490 9539 2210 6950 3122 6077 9218 7614 9904 3916 7666 3254 499 6600 5880 5813
25 3801 3966 1548 9301 7206 6765 505 9252 7095 8894 122 3036 8748 3786 8649 955 8435 59 5419 5432 4760 898 9574 7946 1058
25 8066 7553 2467 1106 9315 4170 2052 570 7965 9877 942 3830 2328 5941 9050 1792 8813 7941 6652 8223 6198 3409 7953 502 7235
25 2400 7639 3090 1009 9566 4736 3760 1557 8455 612 1022 4171 4688 6506 9707 3264 9289 8898 8559 9065 1135 4204 8769 5342 7391
25 3262 7852 3670 2676 150 5993 4718 2688 9418 796 1878 4209 7612 7225 1148 4143 9516 9182 401 9104 1844 4958 1913 780 1546
25 7328 679 1699 3026 364 7608 6566 3948 13 2096 2062 5198 8484 664 1451 5709 9906 9420 1137 731 1962 6827 8412 5730 1744
25 7387 6334 2577 6426 3096 1008 9630 5101 65 3304 3873 5308 8617 1809 1828 5838 490 195 3717 2928 7398 9585 6582 9519 305
25 257 9689 4968 7342 3406 1232 521 5847 395 5792 3994 8604 9808 2550 2870 7785 1257 969 4343 3044 8630 1894 8191 3959 799
25 6943 1011 6270 9610 3913 3646 1688 6124 7039 7070 4550 9431 2563 3540 3190 7820 1930 1793 5459 4560 3151 1921 8614 537 7534
25 8353 6724 923 2069 5175 6486 1697 7141 7254 9196 5521 238 2747 3914 5063 7870 2734 4264 5916 4832 1790 2410 9978 4231 2088
25 5393 7133 1224 2129 7774 6609 2035 7619 9236 335 6037 3194 3123 6136 5261 8590 3800 6178 7704 5123 3495 3614 1189 2546 8274
25 7125 9308 7143 7017 665 3531 4852 8583 94 621 6805 3474 3777 7232 6821 9095 4015 7903 2218 8972 4146 9058 2532 5576 4615
25 7460 4324 9681 8646 1437 3867 5942 8689 3486 2915 7174 3576 4318 8870 7685 3357 7005 9704 3573 9192 4727 9200 7071 4931 8992
25 5619 4654 2275 1752 3907 5086 423 8725 7710 3307 7432 6387 5210 9300 8616 4862 7418 153 5189 773 8999 494 9924 7000 9084
25 2134 9663 3293 2001 4834 6088 2029 1185 9085 4145 7840 8981 6745 9738 9786 7360 7546 2274 6134 1538 9024 4824 2257 4405 9377
25 8914 538 6574 2468 5145 8758 4138 2559 827 4408 2487 106 8440 9938 3736 7465 77 3453 7690 1871 3030 5975 2862 6319 2767
25 938 6883 7593 2929 4769 699 4533 5545 1683 5748 2601 2824 8879 1507 3957 1208 1072 4619 8196 2990 4022 5994 4280 1390 9199
25 2648 9685 7944 3521 9591 4109 6754 5888 2319 5841 2792 3638 8974 1600 4804 1454 2657 7061 9367 3718 5021 6246 1014 3852 2583
25 7844 397 2137 9144 1002 6912 6882 675 2417 6130 4134 3969 1865 2783 5522 2123 3639 7275 253 4216 5930 6420 2378 6631 2977
25 654 447 3136 6204 4116 8987 7859 1052 2912 7211 4420 4185 1898 3233 6435 2622 4141 7687 465 8287 6115 8018 4992 620 5572
25 1691 756 7392 6602 5442 9581 8940 2945 4978 7980 5095 5585 2170 3541 6573 2830 4980 8398 2118 229 6646 8176 5884 1174 1879
25 6371 7121 8526 1286 5935 1120 9179 3241 5740 8033 6890 241 4540 3951 6647 5234 5960 8742 2281 5945 8481 8907 40 2844 1421
25 3117 7267 8827 1563 7548 3128 1625 4602 9538 1278 7163 399 4642 4245 6817 5357 6851 1499 5438 9766 681 9562 3748 6873 1706
25 6360 7638 45 1973 2600 4710 1762 6620 606 4609 7410 1127 5928 5510 7842 6928 7010 1653 5987 160 1042 9952 9348 3060 933
25 968 3731 143 9966 6750 6120 2215 7450 1966 5148 7726 1805 8222 5918 9309 7273 7883 3249 6473 403 1083 572 9715 3214 6378
25 2382 7718 1982 1423 9208 6189 5019 626 2951 6515 8502 5977 1797 7441 102 8238 3551 5338 7530 3162 1462 3709 811 1477 4147
25 3061 3828 4224 7747 2549 608 6062 802 3349 8533 9771 6361 3727 7554 2414 8242 9692 5557 7647 5489 2797 4547 904 5127 568
25 4987 3965 6398 8653 4097 787 7177 1085 5035 1203 325 8763 4456 8367 2707 9631 1202 6009 8935 6449 2948 5959 3334 6594 2954
25 5481 6335 3795 138 223 855 8993 1641 5117 3565 1977 4517 6206 529 7067 966 1936 9836 9617 7541 5742 8472 4626 7037 576
25 7957 6677 5895 843 5791 1420 2436 2457 5795 3782 2102 4822 8876 2808 7708 1971 2038 219 1685 9886 69 9140 3849 7259 7337
25 9661 288 8556 1400 6069 5349 3745 4915 5980 4407 2725 5167 9391 3958 8497 3984 2982 1054 2385 671 860 1539 7518 339 2516
25 380 2840 569 2484 7823 2292 4021 6790 6389 6255 2794 6637 307 5641 2185 4384 5139 2219 2637 736 3426 7424 2574 1274 9569
25 4484 4610 1485 6033 8030 3841 5306 7525 2341 7862 5331 9658 1768 7969 2919 4401 5223 4496 7385 763 3869 5817 3227 6223 2166
25 5434 4695 4632 1238 861 4158 9576 1748 2791 8140 5678 2456 1990 405 3428 4534 7154 6386 8144 3209 6628 7555 7707 6509 5384
25 9612 7536 5671 1890 5353 4274 812 3231 4729 3600 6117 4499 2803 1941 3544 4900 7493 7365 8728 3320 6853 8266 1689 9159 9921
25 2524 7986 8675 2293 7134 6376 2250 4616 5560 4123 6508 4935 3687 5218 3954 6019 7861 7588 8937 5940 8293 1226 4812 5965 5815
25 4244 2540 9318 3990 7443 5 2440 4959 7099 4397 7756 5561 4053 6858 4568 6606 8151 8335 9083 6893 8355 2819 5745 179 2049
25 8072 3006 1876 6090 9537 1995 2623 6160 7244 4601 9292 7150 5818 8315 5405 6710 797 9227 9177 7102 1362 3008 9933 1199 4811
25 8654 4298 7322 6530 145 3456 3489 6707 8032 6569 167 8591 6073 8680 6889 7462 3783 9430 4785 8578 1978 4649 5903 3022 9152
25 2374 8486 7934 6811 282 6271 3821 6955 8995 6697 215 4188 22 9185 7927 8042 4409 750 5868 8648 1461 4865 6881 6006 5141
25 4628 376 8145 7132 1639 6390 4445 7540 9470 7358 2571 4800 512 9463 8549 1036 5380 1040 6379 2523 2873 8782 8483 722 4052
25 5934 549 2332 2465 3279 8610 624 8409 9565 7942 2633 5427 2093 1868 8712 4779 5972 1679 7116 3643 6971 9436 9312 7995 6306
25 6463 8492 2340 4378 7551 8693 1418 1304 678 8818 5776 5729 2169 4573 9282 5986 6774 2009 444 4423 9341 1464 1307 8959 8753
25 1933 657 3976 5119 672 413 6339 1517 1727 9239 7287 5926 5013 5375 2072 6434 7905 7913 4461 5613 630 5264 5391 3837 2461
25 3996 706 4520 7585 747 5307 6504 5453 1798 1219 1749 6835 5601 5390 2994 6438 9733 8174 4620 9502 1366 6298 5676 6064 7250
25 5950 1430 1384 9186 815 6977 7657 5886 5982 2355 1808 7191 6738 8213 3814 6844 1317 8809 9150 1463 4989 8657 5761 684 6349
25 8395 3753 2643 2823 2931 9174 7967 5964 6780 3446 2246 9868 128 9120 8551 7165 1860 9622 975 2323 8270 3780 6015 1615 3752
25 1004 5470 6031 2991 5794 1476 9805 6393 8807 4086 2526 627 2201 9413 9018 8062 2371 3376 3790 3735 475 3826 6294 7712 8231
25 1644 3868 3397 3284 7029 2303 2042 6533 9596 4780 2834 4711 2202 9473 9151 9873 2970 4562 5196 528 656 6874 6659 9180 6384
25 7892 1255 6470 3323 8714 5687 7001 9320 1810 8371 3974 5147 2603 9855 9560 1109 4160 4889 4775 3238 1201 8581 9445 609 7031
25 7100 3750 6678 4336 3935 6562 8499 9796 3444 2530 4119 6752 3609 1183 3034 4018 5379 5310 7241 6940 3635 1354 9510 4716 7813
25 7798 9154 9949 5039 4842 308 8730 294 5065 2620 6536 6931 4347 2208 5431 4356 9345 7377 7959 8385 4357 2969 3392 7801 2376
25 5121 9336 519 5433 6488 459 687 394 7461 2760 8508 7731 7958 2276 6359 6205 9529 1379 9830 8406 5288 6056 4260 4675 5250
25 793 2837 798 8232 2396 1080 749 471 7878 4510 8855 9087 9514 5146 6643 7547 662 2855 1277 8670 2318 6596 4366 8111 932
25 8732 4238 6963 9438 4331 6179 1111 1993 8351 4856 9020 9483 729 5966 7459 7618 1082 6116 3228 9102 2445 8052 6044 3926 2502
25 2594 1595 7636 2225 6731 7625 1903 5017 8660 5387 9023 275 1669 645 7724 243 2312 7853 4910 883 5754 6448 8419 3973 4089
25 3610 5260 9382 3476 7076 7723 2777 5291 8984 5617 9029 334 3055 2336 9294 497 5400 8542 5040 7784 6240 7224 1836 6464 8598
25 6491 5495 9851 5491 7281 9435 2821 6096 6038 6039 269 1063 3316 2631 9389 937 6813 2297 9142 2238 9970 8147 4563 9718 1325
25 7516 7345 4322 6978 9399 1702 3920 7104 9827 9004 453 1153 3347 2634 1674 1618 6981 3321 1176 7381 1013 8220 5318 9804 4948
25 2597 2381 0 187 1050 3971 5112 9757 3580 2189 862 1696 4315 3000 1676 2130 7526 4974 1408 9235 3405 9191 7371 4233 3767
25 3557 4189 6036 3318 2627 7449 7849 177 4049 3366 1253 1880 5415 3894 5118 2513 9048 6694 1409 2805 3700 2248 3901 350 8394
25 1823 489 8257 4250 4878 9484 148 5834 7072 5337 3398 2675 5747 4386 5749 6273 1019 7214 5038 6152 6937 7212 4929 9925 5174
25 6834 1617 9800 5271 491 3018 1994 7368 8572 4821 4150 2780 9797 5559 8296 514 3226 2065 149 9248 7249 7989 7242 1075 2184
25 9953 2453 717 6234 5068 3371 2732 996 9408 5668 6820 3802 3043 5584 851 2435 7158 6008 224 9522 8700 2527 2337 1947 9109
25 289 3252 1712 6544 5785 5329 4368 1537 1151 6052 7906 4098 4541 6878 1522 3404 7650 7877 3678 857 9135 6118 2494 4700 5471
25 1624 4844 3147 9559 6084 7445 5027 2076 2508 7739 7999 4709 4758 7451 2604 4544 8269 7996 3738 1801 418 7789 352 6314 1416
25 9826 7361 7487 1743 2092 8045 6761 3860 5041 8856 592 5539 6269 8451 3797 4622 8326 8036 4808 2786 2619 8942 728 212 6274
25 3508 7669 9089 3817 3145 8603 7477 5907 5241 9640 1102 8039 6622 935 3930 4732 9512 8754 5985 5598 3583 9662 5594 3064 5782
25 5968 2064 2178 4605 4273 226 9263 7222 6347 9719 1535 2493 6847 1569 4515 8773 9756 782 6667 6174 5538 3888 6755 3457 9082
25 6245 2269 6241 4937 7830 599 1491 7629 6481 596 1678 2557 7002 3346 5680 1478 384 875 9495 7019 6156 1758 598 3516 3848
25 9897 3689 6370 5186 8376 2576 1957 8447 7506 3239 1818 3851 7583 5305 7783 5885 863 3425 9791 7761 8221 4152 3259 5140 4449
25 2115 4282 239 5771 1708 2689 2160 1532 880 3437 2641 3892 8276 8618 8444 7082 1885 5630 43 8264 2146 6590 3773 6305 7194
25 2545 4723 3152 9242 9602 2770 3012 1729 1458 3677 2761 3952 8858 8903 8750 8710 2388 6948 3352 9251 6849 3065 3865 9525 301
25 4572 3792 3741 5752 6907 3121 4210 9605 1764 4478 3161 4360 9639 1358 9287 8734 2737 7303 3917 454 1861 3708 2290 3563 5475
25 8721 4028 7979 7501 7320 3048 7246 9748 3414 6143 4652 4437 1220 2686 228 2888 2816 9582 5345 3506 2704 3993 3193 786 7376
25 5460 4255 9493 7576 2983 3938 15 872 3882 7566 8541 7148 1536 3637 281 3765 7115 9845 5605 6450 2933 5731 3653 2144 8345
25 900 6445 1338 7850 3029 5703 1123 2558 4490 7572 8834 8867 2300 5787 3119 4088 642 126 8159 6498 4237 9737 5313 2695 9471
25 1932 210 1428 9909 4066 6000 2500 3332 7642 8969 9740 9684 9297 6050 3884 6974 730 896 9108 7106 5245 363 8215 583 3774
25 5578 6542 1155 806 4796 8461 2957 3374 8609 8970 1230 9795 1596 6783 4693 8418 1661 1078 2895 7187 6951 1363 8601 3438 5653
25 2946 7622 1323 7006 5047 8600 7185 5374 9942 9215 2611 9972 3336 7463 5225 8927 3450 4039 4187 8529 3360 1590 113 601 1
25 5044 9406 4868 8054 7482 1531 801 8806 1200 9340 3412 844 4321 2427 8550 1783 4416 4644 4359 9070 4154 3556 203 2255 9997
25 9240 315 5001 8934 7633 1784 1346 1370 3870 641 4506 1821 5440 2475 9482 2019 4719 5187 5548 9505 4715 4344 3529 2356 9843
25 853 3464 7907 9183 5849 6477 7159 2393 4000 868 9078 3711 5878 2829 889 3410 5633 8289 6258 9768 5185 4950 4223 3131 5858
25 3256 4388 2418 1367 7064 7517 7466 4292 5399 3799 9260 6180 7183 3299 1733 6490 8964 1020 2359 38 5693 6351 7846 776 5382
25 7020 7746 4965 6279 7144 7864 9249 5587 5662 4667 1506 533 7773 3803 2358 8157 9119 5023 5015 1954 7124 6904 837 1377 6684
25 1917 7868 5064 1489 8477 8010 20 8307 6295 5049 1782 603 9506 4519 8534 8574 9224 6416 6615 5875 8512 9094 1897 7725 9579
25 6159 9834 7056 2706 8737 9219 3101 9170 8198 6313 3413 834 540 6244 1044 2342 1161 6721 9164 8009 8829 2450 3329 8883 1411
25 9967 4638 9679 7289 9759 758 5711 3202 8474 7349 8013 4750 715 6528 3443 4084 2087 86 9882 9494 340 9741 4945 9833 8235
25 2768 5423 2520 87 202 874 7971 3483 8824 166 8926 5457 1494 6587 6700 4976 5132 419 1233 9991 3458 6864 6321 760 9848
25 5908 8128 5206 1742 4918 2581 9316 4465 4111 365 9037 5487 5620 832 8847 5237 5232 2078 3017 2575 3470 9487 8285 1657 2548
25 1114 629 7112 3519 5262 5896 9422 6094 5458 402 742 7768 5879 891 9983 5832 8044 7866 3564 6344 3751 1023 9683 3188 867
25 3656 2649 9032 5219 5657 7810 518 6992 5996 2059 3702 8245 7598 1667 1939 7032 2661 7885 4487 7341 6698 1700 259 4472 2209
25 8862 5784 1935 6648 6762 8698 1000 7026 6746 5978 4198 918 8261 2426 2253 7380 4755 9813 4702 9395 8199 5870 424 5502 1186
25 2958 7089 3645 7269 7081 1142 1803 8884 8037 6772 5999 4033 8527 4313 7220 8554 5091 1612 8082 4326 8665 6804 733 1365 984
25 4802 7218 7128 7481 9270 6459 4613 3247 8188 79 8634 4059 8899 5465 7321 9554 7601 3351 8086 5677 9670 7007 4500 6539 7678
25 1459 359 9597 1634 9468 7975 8292 8309 9127 1094 9817 4373 9994 5599 9818 9920 9385 3530 9652 9116 2762 9388 4403 7500 1670
25 5505 6086 4085 2008 1573 8544 8424 3511 348 1241 9888 6326 2097 6373 2392 361 2121 3985 9783 669 3053 9962 4967 1942 9609
25 204 81 5311 3651 3203 9045 76 9025 1413 2228 848 2164 4025 6923 3068 2256 3098 4430 2194 2024 5506 732 6333 2408 5334
25 9676 2220 5515 4467 5324 1621 123 9985 1483 2858 3063 4623 4350 8909 5195 4687 4199 4725 3460 466 8020 1343 9092 5392 9392
25 3881 3368 8681 5951 3146 3348 4425 310 8117 2962 4707 4951 4672 9274 5504 4905 5201 5486 5344 496 2926 4157 1799 589 9754
25 355 3989 1287 6954 8061 3522 5060 1484 8352 3169 5877 5053 6311 9553 4446 5857 6409 6417 8047 3324 7198 5575 5589 3527 7962
25 3150 2853 2023 163 8536 6201 5443 2687 2190 4129 6017 125 6336 9812 4879 6412 7607 6554 9706 7175 7311 6806 6988 4451 6910
25 3847 3216 2533 2229 343 6863 5450 2884 4636 5079 6507 326 7428 667 8229 7706 8434 6901 85 8190 8187 649 8833 6832 3246
25 5072 1375 4685 3091 1373 7098 6040 3505 5854 6824 7335 2647 8060 991 9835 479 9171 7262 2104 1493 8514 3268 8843 5952 4476
25 8785 7991 1245 6341 2057 7998 6823 4768 6388 7845 7446 2764 8965 2443 9995 953 9857 120 4663 5684 9819 3377 768 3235 788
25 2629 9009 2570 738 3843 9407 6946 7775 8826 349 9587 6346 469 4031 175 1703 859 261 6287 6798 8726 3382 1508 4142 9231
25 4884 3487 2864 3361 3844 1034 7162 8416 9498 785 9703 2653 2391 4120 4048 2669 2177 767 6771 7533 2656 7044 2026 7152 3468
25 6365 9792 9233 5542 5947 1327 3785 404 398 940 1410 4825 3401 4543 7142 3612 2705 2666 7818 9613 4551 8202 3432 4355 5891
25 962 2763 9365 5632 6499 1643 4180 647 1360 5025 2252 6527 6051 4592 8851 6107 3113 3903 8636 9856 4763 3523 3953 9230 3729
25 3407 8511 4872 7425 7012 2795 4919 2874 1609 5989 2703 7631 6182 4843 5135 7539 6327 4011 8673 3504 7464 4252 5549 6952 2480
25 2832 1433 5031 7851 8169 7055 6737 3196 2738 6225 3302 7745 7420 5128 7405 7681 6962 3459 9936 4156 7835 5824 6324 8135 7483
25 4212 4232 1342 1923 8505 7243 9145 3451 3095 7409 7237 9517 7587 6429 7632 3693 9863 7068 910 6816 2997 8323 8065 8304 6521
25 5314 5045 2067 4387 8519 8314 9829 6249 3675 2960 7331 1134 9453 1503 1870 3893 1024 8183 2677 8407 6425 8383 3575 6456 7940
25 8667 8932 2191 4419 8664 8685 1771 9556 4234 5383 8743 2906 869 2090 2827 4009 1662 1382 2684 8865 6604 8716 4512 6703 211
25 4262 9030 4473 5494 34 981 2861 988 4964 6711 563 3287 3082 3518 2860 4099 2665 8437 5022 430 1858 9098 668 4333 25
25 6466 9956 7949 5750 4104 5478 6185 2835 5956 2301 1067 7824 5263 4302 3393 4514 3367 548 5094 3210 4876 9211 702 8237 6644
25 6743 2311 8608 8568 4128 9149 7301 3004 6776 3857 2046 8055 5509 4902 4621 4851 4346 1654 5656 4279 9010 8990 1105 9767 8397
25 8946 5165 6965 9513 4206 9551 9711 3744 8531 5233 2771 8651 5923 7270 4646 6896 4765 2655 7038 6894 9794 625 2422 7692 7671
25 2947 6819 8339 9583 4883 1760 9989 3978 9803 5552 2779 9665 6451 8747 6897 7110 5843 2998 9354 8941 845 2004 2916 48 5284
25 3469 2822 78 2967 5125 2150 892 4348 998 6797 3664 764 7103 8888 8429 8260 6082 6081 391 1556 943 3629 7762 71 6793
25 3120 7408 1302 9649 5243 2798 2154 5720 1429 7190 3824 810 7684 9226 8906 8936 7219 6139 1316 4505 2810 3970 9858 1628 6547
