29 466 361 6072 1118 5877 1604 2734 3177 3486 637 9985 4187 9560 4963 2554 1577 834 5373 7283 8740 507 3011 328 2472 9078 9900 2817 4820 9683
29 4032 5134 5559 4229 15 3540 4063 3415 9592 1813 1502 4368 693 7197 3700 4582 2975 5904 8722 8883 2682 4128 2668 3891 2588 1918 4254 5899 2265
29 9307 7948 2038 4704 2989 5693 8441 4961 411 1961 2677 4762 1999 9361 4782 5643 7512 8108 9330 1384 3946 5021 3715 6926 5708 2092 6966 6379 6375
29 516 1505 2211 7026 5187 7198 9552 5933 3402 2789 3730 6114 3361 1334 6740 5967 8668 214 135 1716 4241 6639 6402 8903 5835 6161 8842 7078 3445
29 2953 5206 3300 7972 8032 8877 2186 6294 8018 6023 5747 7472 5613 1530 8888 5994 9847 3148 5250 2455 5068 7375 9931 825 6048 7880 9535 9490 5276
29 3578 5519 3315 1510 8661 180 2678 1904 9938 6646 5753 9203 7347 3280 1755 6621 9860 8147 5367 4402 8170 440 242 2737 6851 9913 689 2593 8534
29 5956 5874 61 5526 9889 2206 3233 3446 314 1548 6405 275 7943 3642 1869 7592 929 8362 7734 5735 495 1166 2915 9599 6441 610 6116 3941 2892
29 987 6117 1723 8938 9802 4092 3961 4060 499 1707 6859 3168 615 6534 2260 2911 1280 8882 7949 7441 2118 2321 3800 747 6539 2720 6179 2697 2361
29 6215 1594 4476 9402 194 6372 8371 6780 1794 1972 9554 3661 2264 7214 3883 3316 2503 9208 7984 9478 2296 2374 4697 1592 7186 3507 8644 4009 4594
29 2634 7159 5198 415 1691 7175 8553 8031 2449 7244 9124 4234 2343 7297 4641 7341 2849 1393 8524 9637 2546 9090 56 2307 3185 3843 9269 4201 6217
29 3171 7706 6297 491 4419 9798 9517 8537 2572 7374 170 9372 3350 12 5182 8801 3345 9386 9150 343 2842 124 1574 2627 6096 4429 9922 157 646
29 7780 8243 7484 5905 6860 9994 9657 9063 4411 7586 517 190 4144 1089 6423 9060 6533 9928 9881 3718 3085 1087 5492 5016 8021 6089 452 3207 2426
29 1724 1136 8916 472 3139 4619 1256 2225 1973 7777 1278 3704 5700 2446 1147 9845 6552 986 2463 4422 8609 2194 6154 5326 1221 6719 551 4190 9362
29 4243 2872 1793 2127 5864 6057 3092 2920 2544 7933 3240 4742 6527 4140 2669 3413 8128 4005 2606 5472 8965 5160 6340 5403 2041 6734 627 951 1258
29 9389 3496 3036 4848 5901 6359 4407 6166 5207 9012 3532 6436 7181 4188 2820 4807 8947 4906 333 5761 9061 6753 9449 8577 4312 2670 748 1217 7514
29 8982 1752 8495 5490 6615 6920 3589 7132 7565 2866 4319 6793 8527 4262 4883 5115 9290 5410 418 6253 9863 487 1005 8999 5572 9910 4020 3378 8456
29 6595 5365 676 76 7959 7729 6816 8540 8503 5448 8123 7652 9743 4371 7054 5494 1018 5418 5170 1077 568 579 1015 4046 6553 312 5205 9673 8009
29 813 8763 2108 1835 9777 526 7130 9666 5810 6852 8148 9868 994 4797 7571 5694 1386 6334 5262 1313 1283 887 6862 8422 8516 3671 7580 2306 856
29 2135 1180 4082 4018 2870 1974 9126 412 344 2271 3156 235 5550 4901 8247 95 2513 5944 6386 2342 4442 1459 7145 1795 8521 1477 9190 3191 1143
29 6071 5798 1525 5500 8911 6452 2078 1479 3068 3002 6047 2810 5607 5716 8594 1521 2676 7408 8988 2987 8158 2658 8455 2015 8977 4489 1951 3897 1447
29 224 8067 2366 5545 1184 7141 7261 5277 3628 3126 8682 6429 7541 5785 9936 1619 4336 9437 9056 3368 1900 3326 8656 3693 1181 4622 4652 4558 5695
29 1073 9537 8061 7056 4746 7306 9403 7746 5789 5308 9326 6608 9115 6167 2056 2040 6358 259 74 4100 2007 4806 449 3708 2469 4727 5683 9135 7563
29 1126 819 8699 8194 8173 8127 9968 8834 6325 5940 1882 8736 1491 9718 3062 2376 234 1763 360 6028 2409 7057 3522 3905 4255 7634 7500 1066 7533
29 6284 1778 2667 3234 8484 3684 3022 3636 7771 7434 3325 9629 3204 1585 7917 7606 366 1982 788 6659 3547 7985 9229 8693 6384 9853 9007 2564 632
29 3358 7528 8781 4096 8596 9285 3052 3964 8695 8711 4887 4427 3702 2830 8006 8881 2599 5082 3187 7460 4116 8474 797 555 8411 9962 1523 3893 1032
29 9488 7867 189 4925 5234 1849 7811 5891 458 88 5486 6162 5860 3967 8922 9855 2829 7004 4366 9688 5202 255 1329 1486 8917 712 7677 8394 4145
29 9177 8095 4878 8931 5811 3466 7974 6472 922 564 6931 6708 2755 6516 474 1294 5715 1712 5966 5080 7860 808 2367 2182 1507 906 9810 4099 5848
29 2742 8174 254 5677 7169 4553 100 7431 2357 1560 561 9769 6936 6887 1833 1646 6482 1715 1117 6941 9533 3823 5380 2196 1797 1469 2036 8257 4713
29 6190 1788 1337 3559 8434 8709 1160 9970 5331 1832 1910 829 2325 958 3812 2568 8646 2487 2370 8304 1897 5432 6192 3020 2609 3341 2578 5720 9280
29 8489 6976 5897 5889 1022 8831 1500 1045 5441 2493 2060 919 2488 1168 4508 2761 9577 4246 2538 8971 5634 5939 6505 4866 5979 5196 5399 7995 306
29 567 9475 7745 8388 1415 9356 1512 6796 5797 3979 5834 5098 3175 1605 4983 3744 1640 6317 3509 1846 8284 8998 1461 5529 7897 5911 6446 873 2014
29 5629 316 5289 9504 8893 1517 3395 7678 6698 4048 6285 5427 3560 3100 7357 4325 2730 6374 6487 3644 9926 9472 2316 9308 9852 2252 8261 1633 5029
29 5964 1768 5846 9695 2835 1845 3901 522 7318 5226 7712 9257 6258 3570 9144 4603 3266 9147 8230 4615 459 1511 2557 2070 592 2666 1127 106 8618
29 6492 4088 7726 289 7067 2168 37 2921 8037 5321 8213 989 6426 7515 2395 8322 4120 872 8419 6237 3833 1583 2688 3983 1662 3150 3982 3170 9704
29 9025 5337 1971 4639 2093 5465 6176 5645 8488 6054 8561 1259 7144 8080 2754 83 7154 2782 9609 7253 4104 5020 5043 4617 5005 3739 5361 7000 1493
29 281 9930 9185 5503 5241 9725 1241 6196 9734 6627 9058 1828 7299 9374 4291 6450 7287 8041 9997 7360 9042 5767 6244 4824 5884 3836 6348 9200 2863
29 1215 9001 5896 9848 3258 1957 1975 6857 959 8477 9529 2249 8651 113 8347 6642 9542 8186 6030 8676 9627 6551 8833 4889 6389 3907 7338 4505 2701
29 7190 9214 7469 855 5993 2172 2164 8782 4633 9790 363 2365 5102 1442 9388 8435 9982 8802 7346 9541 1920 6899 9101 2547 4616 5603 9862 4723 7612
29 8680 650 8557 3528 358 4541 2603 762 5374 844 757 4424 5573 2309 2791 1078 536 4292 7742 1762 2268 7216 4109 3049 5585 6039 5564 4189 9877
29 921 4085 2524 7317 5246 7736 3211 1167 5906 1569 2088 5247 6733 2877 3620 1300 6371 5218 119 4751 3382 9297 5265 4139 6749 7370 5882 7788 4504
29 39 5061 3302 9690 7316 270 4598 2116 6343 2272 2759 6569 8118 3097 3673 4172 7400 6274 2054 5473 3672 582 5917 5812 6999 8593 6640 5176 8092
29 283 623 5987 730 9458 3498 9220 3418 8582 5633 5006 6763 8364 4854 6772 5157 7458 7882 2749 7158 5431 942 967 7714 9301 9572 6917 6968 794
29 1366 4758 7412 7365 384 3729 1291 3896 9224 5792 5491 8812 9174 6695 8040 6152 9221 9723 2831 601 5678 1240 1396 8688 9958 4073 7576 7011 7100
29 167 5802 9462 1 3218 4871 3201 6243 93 6091 5523 8962 9713 6940 9445 6849 1508 9771 6768 1125 6347 3593 1455 541 143 8563 9946 7094 8924
29 9545 9812 1771 1270 4750 6040 3627 8929 322 7148 8164 3 1016 7025 9550 6912 3117 9840 7329 1540 6911 4131 3676 1172 1145 907 264 305 9914
29 7694 1230 3143 4929 5712 2858 3838 9518 4324 8585 69 6704 8278 7073 417 7137 3166 1095 9002 1923 8168 4957 3716 2944 2180 2227 3272 5411 5282
29 7109 4753 3412 5429 9360 3564 4917 1446 4891 284 5394 7015 8386 8119 936 7527 4733 1429 2896 4453 8406 7819 8934 5652 3239 3216 3775 8231 7225
29 9184 3911 6880 6586 8372 4326 6925 3406 6715 2999 5900 7589 8421 9905 2612 9204 4796 2026 3027 7326 878 7923 9312 6748 3359 5396 4041 1012 7620
29 6224 5619 4467 7047 3743 4760 7269 4268 9094 7800 277 296 779 4826 2843 389 5433 2139 3306 7335 1094 9742 895 7715 3890 7275 7543 2243 2702
29 6727 1497 4566 3832 5781 5525 8378 5191 2499 8285 1234 677 1228 4857 2854 1383 4595 4299 8297 7579 1098 1093 897 1858 4147 8761 7859 5872 8206
29 853 4287 6960 4836 6145 8126 9010 5837 4537 9455 1516 753 3937 5628 148 1528 8224 9230 8316 8183 5576 1343 2192 1998 8866 9417 4699 7768 4052
29 5304 7403 9250 4851 5703 8592 137 6029 5023 2091 3927 6641 4155 6270 456 7823 9092 9265 9969 925 8091 3360 3066 2983 2408 9705 4898 2801 7177
29 7163 2960 9797 5384 7146 640 3147 6158 9195 3766 5670 8869 6365 841 2756 9653 684 9866 1476 2673 84 4332 1233 9413 3689 3516 3077 2904 4040
29 2893 9674 2049 8153 9244 685 8392 7118 9750 6939 8961 324 1862 5094 3381 9823 741 501 2657 5667 1068 5154 6909 9945 8636 4942 3728 5204 5027
29 6055 5602 8850 9049 9396 2304 89 7399 644 8718 9266 59 3618 9176 3552 649 1133 2157 2878 8525 1295 8002 7240 7278 8672 5100 3748 5947 5828
29 4780 7064 51 1379 997 2601 2728 8771 5504 842 9556 1860 5014 274 4420 836 1255 2407 4684 8744 999 8981 8607 821 1391 7038 6051 7389 57
29 6771 4529 156 2582 3287 4271 7642 1115 8533 961 3374 3297 5319 3965 4455 2425 1738 2731 8843 9510 1158 1216 9085 917 1955 8764 6814 8845 1817
29 9658 5671 292 5981 4179 86 7687 1144 1953 1267 3573 4607 5556 7748 5376 3101 3000 3554 8854 131 2422 1732 62 3874 2353 607 6924 295 5143
29 6428 9706 1667 2222 4357 5237 2266 1746 3549 9961 3804 9894 5821 7900 5466 5243 6427 4078 230 176 3477 2371 2373 5786 2867 974 7549 1058 645
29 8273 3045 3074 3928 422 5238 2995 5356 3829 5623 3869 688 6714 8059 6100 6090 7594 4719 435 574 3732 4834 4185 5824 6471 2716 7732 2814 4483
29 5760 5471 8712 4362 2254 6310 5653 7022 5680 6983 5200 2638 7411 8184 8751 6293 1932 6111 1542 711 8151 5748 4395 7390 7074 3051 7836 4323 9925
29 9233 9763 4253 5233 998 812 8634 2103 6668 2297 5540 4391 7688 374 2100 7561 1941 6648 4440 7272 8359 6268 5531 8892 7637 5936 8025 6466 4264
29 477 8643 8531 5402 1710 3751 3038 2908 7941 2664 6724 5189 603 2011 3912 8878 1992 7608 7555 7295 191 6818 8275 9059 553 7325 8100 6653 8135
29 2574 7839 9030 9950 3851 8743 5013 4381 291 2811 6890 6318 1364 4329 6288 2832 4456 8523 7996 8428 250 8159 8375 9353 3847 9357 9251 8366 6650
29 3237 2502 9423 2333 4781 1304 6295 5659 4568 5085 8020 8473 6540 7485 6333 2880 6654 8684 8773 1251 1907 9368 9795 9620 8409 956 720 2112 7312
29 9766 6256 9489 8266 5142 4770 7760 7194 4665 6351 8846 8610 7624 9218 7464 4409 9255 2311 9703 1711 2083 9471 558 1406 9954 6827 886 2447 307
29 105 1557 3260 6656 7954 8876 9420 7614 5638 6892 9036 1206 8890 759 7991 6422 9613 5225 4042 3526 4153 9564 1996 2098 654 534 5742 2766 2641
29 5028 1615 6329 8376 197 3312 532 7617 6908 337 9596 8035 3614 332 9944 6565 631 7653 6986 1496 5235 139 4469 2534 1106 2735 7215 4389 6443
29 4064 5158 8016 4691 3104 6672 3144 8657 8056 3809 2247 8816 5591 7558 7294 9305 1555 1656 7763 3759 6370 1580 7050 2966 8887 3598 9095 4621 436
29 1357 4735 29 6123 7702 7017 3582 8677 8211 4794 2956 9232 6529 1663 7754 75 1676 2515 9898 4631 9709 3630 7641 3736 9540 7128 9622 6475 3330
29 3508 5007 694 8026 9318 1242 3976 23 9198 6522 6410 500 8457 2541 8236 4736 2719 2929 557 4841 1465 5844 8403 6118 1694 9741 591 8758 8400
29 6002 8458 1432 9856 520 7871 5135 910 118 7480 6870 846 1434 6605 9502 5192 3096 3724 2061 5499 1877 5885 2161 8271 7842 269 1113 4707 882
29 6509 1586 5209 4168 4744 9585 5717 3088 1003 8953 7593 1105 2294 8872 977 6978 3574 3802 5184 7035 7234 5923 5869 8642 1244 2777 2323 6231 7373
29 772 2096 6281 7220 6807 2120 9570 5838 2397 9021 8209 1790 6477 9663 1164 8629 5041 4843 5553 894 7725 171 6829 9099 2861 3495 3597 4125 2536
29 5477 5178 6916 5443 7459 2856 246 6731 6077 915 9226 5286 6667 9817 1704 9432 5378 5062 6342 1893 9466 2558 7155 133 3050 4563 5729 213 3369
29 6263 7975 9760 121 8200 2936 1719 8291 9082 2352 3943 7452 7308 728 4239 848 5636 5219 9 2402 663 4335 9492 3683 4620 7153 8868 5895 3997
29 6280 8794 4404 696 5344 8990 3336 9425 9441 4282 4659 8630 8689 1130 7685 2233 6947 5395 1714 3015 1339 5588 2579 5120 5777 8492 2712 589 2114
29 7776 3750 5750 876 6313 792 3977 766 483 4996 5684 9616 4518 2354 9864 2305 7554 7862 3356 4922 2452 7672 4166 8587 8063 9054 3797 8674 5340
29 6598 5692 9634 1292 6777 7437 7150 1412 2303 6898 7126 831 5146 3331 453 7483 955 9591 4272 5839 9450 8290 5961 8733 8915 1968 3920 9292 5485
29 8101 8569 2085 4119 9953 8704 1034 3682 3551 7873 7149 5784 5809 784 4433 9872 1962 4525 6173 679 1273 497 7453 8747 9921 5951 8048 5775 5383
29 1939 9164 5769 8463 1174 8450 2138 7757 5856 9991 7160 5971 7111 1625 5136 2560 3390 8724 6512 1775 2495 3271 350 1037 2448 6062 423 6530 9551
29 5705 9808 6582 9454 3844 1000 3960 8405 8548 4477 8791 6362 9768 1956 5660 6400 5635 1316 7659 4743 3917 6021 1571 1677 6201 1492 979 8227 2280
29 7850 862 7700 460 9828 5969 8886 8700 27 8465 1083 7791 1928 4149 7487 7173 6038 2393 9087 5941 4025 6760 1672 3428 7168 2394 2727 421 5516
29 4029 7662 2052 7993 365 7914 9138 9451 898 441 1348 7884 1991 6828 7669 7812 6723 4233 1553 6159 5138 7311 1926 4844 769 3835 3059 3023 3535
29 1285 4785 2415 2068 2916 8486 1245 9956 934 704 1466 9987 2086 3030 2935 7844 6861 5079 3403 7218 5278 9209 2577 5341 1509 4933 4628 4110 5764
29 5034 5172 3422 7680 783 9814 4136 1769 6391 2073 1979 531 2686 5405 4346 8023 7981 6130 3585 3076 6239 9240 4810 6327 5214 7136 5737 3995 6204
29 98 7648 4462 8635 4962 660 5258 9207 6396 3003 2862 672 3093 9497 7999 8276 8830 8313 4308 3337 6439 9328 6876 9513 5637 7359 8530 7319 16
29 851 5598 8252 6957 7079 1460 1639 9316 8431 3385 3600 1252 3129 9761 8340 8933 9067 9205 4791 3425 1243 9903 786 9871 9337 8667 8535 5806 8426
29 7966 6751 6563 2235 5731 5509 2165 563 8522 6980 8335 1687 3957 3296 222 8944 9246 9680 7140 4183 3792 1478 2600 1350 49 8819 734 7645 6361
29 7003 9074 9342 3984 6107 7451 5393 1815 1568 152 1275 1741 6236 3860 932 9033 433 904 8263 5757 5073 2441 4024 2117 330 8980 2256 1223 1702
29 6304 1783 1658 5087 3754 8250 6076 1816 9376 278 3839 4808 6245 5371 2067 43 3500 2855 192 6684 6017 4370 5148 5580 1201 2982 6065 3622 6556
29 5327 5064 3817 6691 5074 1733 6962 8897 9600 1867 3900 8412 7065 5463 2181 125 3878 5674 807 9474 25 4430 8024 6743 1210 5478 6832 6617 6894
29 7945 7508 5297 7681 2327 2404 8350 3807 1076 2458 4611 9747 8641 6425 2486 543 4270 7040 1086 9687 3026 4896 1474 4501 3555 6767 7245 9161 9436
29 5173 8670 2923 2183 5387 6178 9399 7520 4245 5251 7176 1274 346 6510 2517 544 4403 993 1987 885 6491 7398 1779 7161 3688 8410 8974 2315 181
29 1743 9407 4451 2587 7858 7447 67 7635 4640 5770 7564 2471 2726 6746 4015 729 6707 1114 2462 3825 8476 7583 3241 7293 5329 3180 1072 3548 4799
29 5924 937 5388 5675 420 8358 5292 8663 6191 8344 9271 2890 7083 6839 4649 1163 7385 3986 3186 5272 286 2081 5287 1009 1111 3329 3586 7468 151
29 3032 1141 2337 6972 761 193 7630 8752 9216 3467 9277 3277 8796 7781 5776 2223 1253 5483 4007 5333 739 4454 5768 5279 1830 3781 8112 774 3572
29 8983 2839 7164 1091 3058 2132 9607 3454 1152 5349 1417 6242 9254 8396 7113 5518 2013 6739 6034 5796 1782 5295 7573 7091 3830 4103 9294 3242 4892
29 3690 5689 1382 6984 5605 8829 9947 6722 5137 7068 1760 6945 9275 9867 7544 7019 2590 44 7426 4657 2767 5524 7696 8331 3923 4879 9528 6229 5264
29 6469 3064 3747 8321 6188 1603 271 1004 6490 2635 2977 9619 309 1906 9711 9032 6087 935 7501 5894 2815 7992 2154 817 4756 7532 377 5412 6174
29 7804 5360 6198 9885 9027 9714 4399 2785 7987 3584 4677 2790 1026 4822 9820 9227 6800 2142 9951 8199 3712 8568 3138 1062 5037 8469 2269 6658 656
29 8976 9726 8265 3652 9652 248 4798 1756 8081 3811 6200 3827 1263 5220 468 1708 7262 4910 2752 8219 6500 8885 4191 1731 5436 600 8319 1602 5549
29 9715 2076 73 5672 916 1681 5193 5069 9384 5909 7013 6326 2732 7031 6335 2149 7315 5011 2828 8760 6744 3755 5662 2484 6360 6619 9040 2527 5972
29 8342 5530 770 6762 1943 2090 8267 6993 3966 6721 7569 8730 3427 7172 6630 4618 8052 6234 3202 8946 6998 4739 9391 2986 8253 1370 9239 8879 6865
29 3115 6142 1041 7506 3785 4928 9358 7848 5743 50 7607 8806 4158 9196 9084 7704 8909 3561 3910 1448 9097 6241 771 3351 8478 1394 657 2565 6513
29 3179 6981 4434 357 5611 6963 2173 8767 7049 576 3031 709 4286 9677 427 9685 9811 6437 4184 1462 211 8012 5582 3824 8616 1534 2031 4509 2
29 1566 8717 5606 2028 1826 8178 3648 1559 7088 2522 4986 2483 6655 521 1622 9849 2465 8783 6682 1855 3858 1249 5701 6863 8906 1589 2385 9419 7744
29 4219 2837 3021 3347 2006 158 7340 359 404 5688 6692 4163 8427 1139 4342 9988 7770 8997 7631 2195 4107 1593 8590 7643 1408 9631 3127 6478 4865
29 4600 2253 5118 6101 8950 2760 9524 2562 9762 6418 7307 4556 263 1520 5211 232 8936 9879 9352 4956 7467 2212 257 8727 2216 32 3577 8137 2795
29 5294 5536 8558 9339 6094 4457 4510 3567 177 9858 7997 4581 1298 5232 7847 512 2348 1856 978 6088 8010 3136 3301 8972 2506 336 4227 9393 4982
29 2198 6562 718 9780 6275 7937 6680 3654 3462 503 824 6277 2724 5778 9117 1199 2381 4533 1936 6257 8017 3453 5274 9379 2889 430 4247 1636 6395
29 9055 6689 2004 4118 1438 1341 7786 5898 4636 3796 1229 953 7650 7092 9815 2710 3816 5364 4152 6523 9851 3791 7043 3633 5040 1260 7896 3246 9559
29 347 629 2967 7470 4658 4126 8958 7182 8022 4174 4083 8757 8028 9182 594 4973 4576 5522 5843 8185 9939 6989 8329 6499 7530 2630 850 5227 636
29 4613 1079 4173 9724 5382 6086 9722 492 9270 4680 6590 9648 8795 28 1410 6225 5095 7988 7835 8786 3082 9800 695 7713 8856 4499 3433 6421 4819
29 5280 7675 4732 547 5691 7766 2526 2505 9589 4964 6716 2531 326 107 2176 7075 5113 8167 8669 9262 5122 2784 3057 7886 9966 4789 4438 9068 814
29 5827 3268 6508 1269 7350 7854 3975 4273 9681 6934 9291 7239 1067 1579 4036 542 5547 146 9659 9720 5296 3461 4349 9463 2349 7320 4859 473 2242
29 4940 5201 201 1742 7775 8482 4358 6755 3565 2543 9442 9640 1598 2382 6580 1048 5930 3012 742 401 5823 3771 5161 9496 4114 1529 2158 6132 5871
29 9696 6555 4208 6521 8451 9022 4445 8554 3602 4394 1536 9932 2419 4224 7493 4182 7832 3855 2285 1063 5962 8110 6537 743 5071 2219 5188 9438 2236
29 1628 9405 4513 7243 3209 236 4523 8605 2047 5765 2214 3603 4230 7921 7684 4294 9702 3992 2386 1286 6332 8814 7932 1616 7809 4527 5562 3643 3046
29 3081 2226 9973 7817 3219 1411 9424 9016 7577 6006 6266 3776 5269 9375 8720 5099 178 4894 2647 2453 1651 362 9476 2018 9736 4724 6011 4667 6367
29 6635 130 1299 4002 4831 2359 9590 2971 41 6185 6918 4205 5434 1978 8815 8789 691 5467 3372 2613 3328 763 3703 2993 1119 9588 6135 4945 7219
29 3980 5640 1773 2559 7060 2711 2932 7254 300 6644 9180 7633 6013 2125 8993 2733 1202 6738 4571 5010 4170 4228 3731 3248 1431 626 3879 205 488
29 6053 7087 204 4721 2159 5119 4169 3539 782 6647 1108 9531 6673 2289 519 4428 3533 6843 6260 5311 7731 7021 1453 4876 2020 2470 5310 6515 725
29 5910 7927 1027 5880 2399 5829 6170 4811 3426 7157 2248 9816 6954 5093 556 4520 3740 6888 6804 5943 7822 1930 4080 6125 4967 3102 5929 1214 6826
29 9236 8603 6600 7621 4343 4061 6197 367 4755 9412 3538 1983 9897 7971 2709 5033 3780 78 7872 7107 2569 3084 6354 624 6638 7379 6709 1340 9781
29 7364 7888 8583 6442 7497 4328 7127 1176 5317 9759 3595 2994 1443 8738 4890 5162 3915 432 101 8822 3611 8565 6728 1745 6683 7940 8649 2134 5571
29 1809 8169 91 1102 8181 6775 7343 2204 8660 780 4897 4290 7979 8912 6431 5822 6503 2869 2009 8986 4584 383 7492 4330 9576 8251 8790 9158 6026
29 5298 9523 9310 5919 8501 7716 8870 2910 8973 2573 6383 4979 8654 9779 6495 6227 8348 3397 3599 9902 3872 2320 3125 7448 840 8956 2263 9335 7931
29 6186 4644 1082 7116 8737 2825 9100 5596 9752 5460 6474 6542 9020 3146 7076 6737 8547 8351 4307 980 4938 3837 7115 9831 1318 9081 3713 5723 3042
29 5788 9578 2683 7674 9191 5876 208 6350 1441 7305 7014 7072 9515 5042 7542 7241 633 9503 7798 1626 5323 3950 1563 81 1799 3034 4026 6299 6043
29 6830 3931 5815 1349 9494 8690 538 5447 1642 1225 8014 7657 251 5366 1748 7404 2521 9509 7891 6272 7942 4369 2912 914 1873 8787 9963 8258 6773
29 7877 3615 6729 4741 8615 9786 5222 7983 1781 1791 8099 7762 1544 5925 1890 7756 6084 2424 9783 7372 239 4592 4232 5275 3223 2703 3895 4006 4777
29 8150 4397 8556 8719 2231 2511 5595 2596 4449 1934 546 8765 2202 82 3040 9039 7187 3414 402 7521 1911 5052 4552 5590 4410 3132 4341 1480 261
29 9026 4805 4823 8210 3158 2822 7232 2750 5608 3719 1333 8918 3520 5887 4855 9574 7935 3831 697 549 2377 5903 5078 7342 7866 4551 5819 3550 7260
29 9813 7396 1644 8238 3429 4675 7622 5928 6845 5710 1558 206 5907 6467 5826 33 9051 4138 3278 2637 5281 6103 7257 9700 2937 7613 6774 5487 1917
29 1988 7934 4465 3899 3779 7029 8104 7255 9228 6056 3221 1246 9776 6498 7517 7636 554 4378 4164 2894 5589 6366 3523 7410 4593 8177 9371 4258 6593
29 7368 9409 5496 6148 6411 7639 2318 1247 9364 395 8244 2350 1212 7759 8519 342 1302 5353 8361 5455 1387 6583 3544 8454 4764 9324 3308 5088 6651
29 9874 701 8240 8459 6430 5129 2757 6222 2654 1354 9567 2963 1374 8598 203 1407 2580 6169 9390 9805 2435 8281 4377 9880 7246 3114 7055 6218 5727
29 2401 7689 820 9699 9772 5771 3484 4 3079 2058 4650 3841 2467 8706 5528 1588 5420 6276 9646 218 2918 8963 4605 410 8653 8414 7228 8353 8770
29 5089 9459 1142 4415 511 8493 9829 828 3421 4692 7419 4895 4421 8742 7794 2850 5763 7668 414 1088 4550 2459 6003 1617 9179 9072 8294 647 3267
29 5816 4821 4514 8029 4779 1153 447 3521 4240 5779 9586 6216 5050 9838 2411 3465 5920 7902 773 3868 5644 2816 1209 1969 9878 40 2553 1268 3405
29 3090 1618 5401 9011 7210 1822 3826 8420 7358 6238 2282 273 5140 60 2796 4148 6070 9213 1653 4872 5774 6406 1232 3130 349 1899 8121 4113 9548
29 6060 6279 8728 9859 7808 2914 5461 8778 9344 6809 3635 3725 64 144 3269 4160 6223 9655 2418 5437 6099 6463 1276 3932 613 4441 1573 6977 1450
29 8143 6409 4837 1489 7901 3952 8966 5682 1043 9369 6434 5001 809 1224 5291 5583 7081 1853 2725 8873 7277 7233 2592 4728 5125 4673 4269 47 6686
29 8978 8368 2021 5421 8793 5475 8979 6252 2300 727 7059 6822 1533 1697 6519 5991 8518 2016 3583 431 7422 1994 3922 4909 6764 5428 5303 3783 2886
29 1044 6545 5458 8511 3670 5501 2501 6645 2491 1069 7394 2045 1725 2171 9354 6009 9884 7616 3656 731 8216 2884 7481 9052 7938 5702 8130 6905 768
29 6875 1289 7266 8532 7413 6889 4862 6996 3103 2128 9080 2133 3067 3245 9804 6819 968 8053 6121 4685 70 3617 7813 2490 8019 6778 9525 9775 4249
29 8809 1433 8715 690 8538 8131 9598 8847 4220 2680 3499 7570 6149 3332 1203 7324 1954 8959 7388 6049 1213 3806 9794 2586 390 8207 9557 4498 6765
29 933 3226 875 1038 8945 8832 3261 1090 6597 4682 4578 9422 6292 4396 2188 7502 7125 3993 9996 7337 2617 4331 1017 6820 3053 9282 111 7699 4065
29 7956 1684 8171 2952 128 8880 4167 1727 1631 5075 703 9583 9041 7655 3087 8079 2416 7084 399 7856 3660 4333 9341 6823 3854 1189 3206 8179 4972
29 1624 6246 8623 6105 1332 9670 1889 2454 1810 7303 960 1107 9212 9406 4186 9526 2901 7280 597 8664 5687 4460 5375 9155 3882 2074 6838 9037 1330
29 1630 1680 8996 8852 2131 716 6942 3281 1924 7339 1963 6449 9348 9558 4406 9767 6435 7529 2794 9139 6172 5351 6249 548 3972 3877 1400 3701 7143
29 5728 3483 3178 595 6067 2768 3756 3563 2281 7367 2141 1670 9511 1728 8125 9960 6574 7960 3805 1137 8438 7749 7080 900 4868 6033 2433 6741 5631
29 4845 6296 5012 2897 299 4091 5165 5442 4602 1272 7660 1811 4954 4027 8345 1236 6623 1372 4587 1717 31 9468 8269 2022 6797 6720 4300 7290 1085
29 9964 8678 7 3252 3695 6795 5527 6424 4908 1358 7720 2288 5570 4893 946 2390 7878 1709 5719 2153 732 927 9071 3916 7727 8225 5111 117 7443
29 4694 2276 8140 4017 6858 7206 8287 7376 5133 2640 9606 2339 6307 5999 1990 2468 8675 1871 5745 2604 2162 2464 4981 5805 8987 267 9701 229 664
29 7560 3379 1257 2563 318 8600 79 7925 9378 2979 2533 2997 8105 7994 3929 3541 486 2427 6330 2622 5053 3814 9479 8941 1495 1360 18 5648 285
29 4776 8384 4448 4488 1047 127 2388 5348 9984 3183 2824 3569 8383 8633 5751 6339 3253 2786 6824 3140 5325 4367 3041 9527 2033 3035 1279 7439 5439
29 9434 1373 4470 6649 3311 1165 2713 5408 5152 5167 3220 572 1872 721 6063 9128 5597 3757 7968 3742 6157 4916 4200 9929 2540 4626 3951 2406 4214
29 5468 439 5065 329 3665 1170 4425 7200 5385 6769 5181 1499 3083 1565 7722 9553 1739 5413 4686 4903 8109 5194 5145 1515 7387 5221 4716 4278 3436
29 2245 3263 9602 5008 3677 6881 7271 7805 5560 2375 7248 3666 6385 1812 8762 9584 4999 5963 5417 7494 9172 6501 2215 2792 1293 6460 6085 4738 5479
29 1519 7908 891 5415 5621 8312 735 9654 8671 2922 1175 4530 8895 2005 1444 1800 7761 6717 5690 1023 9516 7475 2251 3753 2535 6577 9561 738 469
29 7393 9784 2398 6787 6666 8380 7409 2030 442 4097 2345 6990 212 4388 2762 2758 8955 7826 5946 3383 9519 7869 5847 4948 3653 6607 9664 2079 1159
29 3073 692 4712 7646 1131 9123 2529 5097 4864 4597 3411 8526 4124 5484 3043 5059 9187 7828 6377 4645 585 426 6104 7366 4004 8156 3291 4001 2065
29 373 4067 5255 1767 3424 533 3389 5124 6349 5818 4647 9162 6364 6069 4522 6674 9719 8008 9721 6571 3070 1526 6470 9452 4212 4490 8805 9300 2984
29 4899 1361 6180 3008 3463 2234 4471 6675 8333 406 7300 3810 9034 6131 4679 6693 109 8330 9844 6850 4703 2474 7046 800 7723 4904 827 1804 3153
29 2581 1879 7963 6031 6262 2550 4554 9453 4969 4468 103 4978 9495 8066 6401 8377 1786 8444 698 7383 9630 3352 9645 1030 8004 5517 2200 6108 3970
29 3668 5498 8221 6587 909 2566 4827 9647 8621 6591 3919 6497 5257 8921 9547 9296 2284 2338 1420 1120 1409 4106 22 1481 1914 6459 3770 510 1250
29 9029 6524 8694 1277 3991 2614 9004 1424 1551 6636 5890 7231 6476 9532 9822 837 4157 2438 6112 3587 1980 5169 1065 1842 3128 6652 8268 5538 3511
29 2190 6932 3420 3037 6261 3460 9256 2939 2482 7894 7574 8543 6660 1059 1403 3876 6264 3208 1829 3865 6696 1648 3319 3592 5253 8132 9505 2396 4814
29 4446 8612 5953 5151 9242 9788 9667 3859 2799 8226 3387 134 8094 2646 1456 4599 7980 4784 4129 4361 8404 3120 5077 4057 7380 184 1627 6725 8696
29 6387 2003 7890 6507 9730 3717 116 4761 4405 8369 5156 1307 9076 2793 3029 5066 198 5480 4274 6058 9643 4769 7456 9118 8264 2504 3197 3262 471
29 7309 2069 514 8904 9809 3953 1546 5916 4447 8382 9006 1777 9623 7123 3321 1922 6703 9603 6618 6134 796 5578 7535 1084 2369 3469 5155 7418 565
29 6951 2741 6046 4047 667 4543 7855 6137 5249 185 801 8581 3936 7369 3588 2945 3517 2695 7489 6182 3737 6451 733 1194 2804 4575 7556 8491 2882
29 3181 5391 7256 8541 7090 6609 9152 6322 7336 1655 1161 713 4392 7821 3861 4849 4991 3714 1363 6867 4159 9487 5870 1713 4850 6770 9990 8546 9408
29 4194 8192 8437 3734 8655 9770 1081 6536 7519 5587 1238 1894 4693 9508 4671 7507 7955 3745 1761 7203 5256 537 463 1750 5108 7536 1103 2489 2221
29 4774 8964 8464 4276 9279 1933 4135 7048 8197 6730 2460 1993 5215 2930 5285 8082 9383 7070 4019 535 7217 562 1186 1884 5127 7973 3649 7121 8578
29 4788 160 883 9281 1057 3720 7209 7767 26 7457 3909 2545 5711 3514 7362 9785 9569 494 4512 2496 8506 2008 2317 3938 5510 9581 7417 7830 9333
29 6525 4316 3151 1437 1909 4557 8606 3786 484 8545 5083 3317 7401 5807 7695 9821 6355 1099 6207 3116 3324 2072 3525 4372 6309 3482 2542 9428 2210
29 4980 758 8494 3363 2356 7237 8818 4949 2628 9019 5514 6665 7584 8487 8470 767 6817 1947 6403 4993 4044 2802 4408 4955 6589 4053 3655 4133 6453
29 9684 3282 9000 4413 4944 7887 455 8502 4998 161 6579 1002 8927 8648 2302 1345 7414 2322 7664 5820 7797 2803 6937 4970 9323 4754 4861 4624 9745
29 9543 3318 573 4950 6601 9608 1025 2313 7946 2095 7444 2358 9295 8992 4672 3557 4261 2481 8626 8249 7952 3866 8514 6779 4121 6805 4941 832 6098
29 4076 4016 611 6904 4526 266 7377 3608 9293 2946 8070 3270 321 2739 5600 6588 5546 2548 478 9826 8013 4431 8940 8908 4226 8828 6726 3047 3651
29 4297 5513 3404 9192 5106 1695 7429 3822 815 4629 8086 4838 2959 6991 6961 6938 5676 3610 975 3213 8076 6669 9167 223 6079 3310 3558 4786 793
29 7258 3621 5096 6392 5456 4792 7793 4804 6632 5886 9431 5047 6886 7496 9549 7371 6214 6240 2693 3625 8865 7304 1092 1351 8007 5950 7950 9050 1887
29 6448 9514 8399 8005 7196 9143 8475 8824 1814 256 9983 7086 7063 8424 3845 8270 6526 6973 3145 4038 1669 7778 3044 2110 2167 6078 1638 9669 5343
29 2437 9642 8510 320 8324 1609 8766 4579 2747 938 756 7465 2907 9173 4132 141 7875 7611 1696 6133 2770 9116 4974 539 5116 159 4481 6032 8030
29 6975 2497 1008 6109 8398 1735 1576 5512 4423 1587 1308 114 4646 1543 6160 3527 911 7663 3295 7042 4867 943 5208 7479 5210 1070 5718 8571 3705
29 1787 4074 7516 8536 9733 3283 1660 7666 6946 7156 2000 480 5755 3709 6336 4669 1807 8390 3996 7334 7391 1866 6247 7627 5685 2330 7597 1352 7924
29 5696 1359 65 2148 8928 4354 2748 8608 225 7962 2623 1527 6700 6219 7667 6211 1901 775 5752 982 9469 3691 7977 1766 4604 4660 9044 6697 243
29 2931 5665 1698 6854 9345 7605 8343 3542 939 403 7002 7089 7686 8172 7814 6464 2607 2279 6331 2941 2237 8685 8201 2087 4992 6776 3591 945 1537
29 3353 9367 1721 8262 1392 9579 136 6594 2652 3735 7332 227 8367 9544 8309 6910 2764 2624 9146 3987 5604 9493 1903 2261 7899 6781 3678 7250 4493
29 3284 9975 3048 8567 2998 335 1306 8949 3694 5236 8686 545 9758 9850 8714 8072 2769 3231 353 4729 5612 155 2706 3199 508 7718 4935 8662 7721
29 3971 588 7735 984 3055 1100 9738 9088 7119 5368 1572 1722 966 2926 3990 8500 3423 3290 1177 7833 6319 658 8497 4014 524 8423 6620 4248 8691
29 3579 2881 3089 1171 3250 1385 8001 9562 8471 6958 4915 2806 5642 3314 5732 8628 4285 3432 2059 8120 7353 5248 8898 4775 2170 169 2895 6312 5212
29 3639 5574 3367 4687 2431 1792 3039 620 1054 221 7929 3846 5959 3711 7538 1457 6585 4250 3244 1309 3774 6143 765 6712 3494 2532 3123 2328 2479
29 9380 639 8182 8203 3903 2625 3813 5488 1055 6151 138 4327 653 4870 2636 1482 7023 4386 3772 2704 4907 6433 7202 6897 3794 6855 4095 5190 866
29 8825 5986 8204 8354 4609 3276 5166 5714 2084 253 1472 5273 2124 6136 5520 1844 7191 5506 3958 3380 5713 7247 1128 970 4977 9248 7883 5195 8215
29 9347 4959 1513 290 7939 4256 7951 4461 3313 1060 2645 7537 4056 9319 8573 2179 7355 5736 4086 5112 5983 2351 3503 2185 5101 9470 8841 6974 2981
29 5110 6504 5350 6042 244 7769 1610 528 3808 2589 8595 4951 8604 1449 1685 2341 9243 6018 4266 5624 6287 3973 3629 3065 5185 2765 1080 42 3212
28 7774 4089 8942 476 4222 7864 4142 1326 5355 2672 991 7654 9165 1836 2821 2844 19 6155 6732 6012 9832 5831 7462 6369 7223 3014 6866 9582
28 7724 5358 9601 625 3131 9349 8124 1759 7165 2942 1885 8050 9343 2203 3886 5313 1440 8445 6844 4485 1595 8212 7947 6564 8180 6008 7018 4244
28 3193 5599 9628 4288 7020 3294 8485 6496 9753 4251 3033 8723 323 5342 4069 5482 2456 9491 6982 4717 3778 9888 9268 6979 1607 8840 8149 790
28 8995 7504 2324 7007 8370 7313 2378 6532 1134 1689 3892 9597 1524 6902 4874 5854 2698 5426 7870 5231 8381 408 9751 7139 1843 2530 1819 2655
28 2347 749 2434 7466 973 9005 2851 122 3925 2950 4031 9694 1541 482 6338 8288 3803 6494 8954 6808 8466 529 1036 8157 5316 4280 2860 2972
28 2868 1317 3141 8379 3485 9400 3094 581 3962 3870 4535 9740 1737 1296 7843 8943 4683 8710 924 9131 8861 802 1211 8189 6445 5801 5849 6415
28 7690 2160 7151 1611 4500 707 3723 985 4347 4528 5945 599 2229 3726 8579 1405 5646 9611 2113 461 9854 2602 4860 8926 9587 9906 7069 188
28 8229 8442 8332 5918 4634 852 5565 1321 4926 7435 6965 1891 5039 4338 8859 1886 6806 9806 4532 2064 1029 3524 5808 9141 9949 231 7598 2819
28 4812 9416 5132 8058 8282 1487 8175 3935 6841 2873 1075 2478 6493 4534 9340 2130 9070 2514 4666 2255 1673 6412 5352 3373 838 258 8279 4637
28 6935 3784 5746 8851 9943 5841 9843 7918 6848 7673 3365 2674 7352 5315 9370 4936 9104 2818 5459 2477 6969 6616 5937 7179 7322 686 97 5009
28 8645 6356 2414 9089 523 7628 498 8069 7640 4033 5851 4265 9410 6024 881 5335 2933 3095 6488 5721 8896 6948 1985 7919 3782 3885 2663 5955
28 199 7006 2644 9093 3227 8588 3474 8529 7838 6194 9350 5782 957 6913 2197 7265 2991 4816 7310 8443 9387 8800 4435 9302 4432 4748 3409 8106
28 5025 4398 5031 781 5949 2575 4238 9151 8862 8970 884 6124 1503 7964 2685 7865 3546 5149 8166 8512 3968 9014 6208 9671 4559 5931 4479 3160
28 668 4709 1064 172 8875 3553 4444 9261 4203 9977 1193 252 2224 9171 3449 8303 3727 8187 1150 77 4725 1935 6685 9846 5058 6015 9304 3468
28 4815 7112 1514 854 9555 4348 4830 3163 4574 1977 1239 446 2344 140 4283 8698 4373 8481 1827 648 4988 2633 687 5259 5359 7005 2355 6612
28 6303 1859 3765 6840 3850 7296 7709 6847 6485 2903 2875 496 3566 913 6869 9580 4927 9625 3490 4560 6041 2639 888 7546 5449 9377 4656 356
28 2974 6230 8749 8835 5908 9109 7783 8237 6514 3926 3978 655 4450 5334 7285 860 6314 268 4146 6209 8286 4171 1052 9210 7395 2106 8989 580
28 1454 2362 3632 4918 9421 612 9325 38 8498 4311 4912 1699 6622 6878 7511 1187 7638 506 5539 6784 8735 9737 1552 9632 7455 3386 502 7476
28 3487 3305 6127 7557 391 1264 325 2193 48 5263 1368 2451 7028 9148 8731 1468 9186 1096 5730 8591 9773 1960 1801 673 7601 7212 2788 8413
28 6699 6489 7820 988 2492 1535 4050 6626 4947 5772 4162 3798 8234 129 8960 1632 348 1310 6251 424 871 4506 2277 3293 1784 7386 3028 8984
28 9114 7099 7905 2898 8913 1683 6183 7845 6141 5865 5464 5584 464 338 9238 1892 490 2336 8627 4382 2334 6462 2528 5997 3111 7644 9971 9755
28 1596 9481 3004 6554 9477 4337 371 386 7649 6625 5883 8387 666 1754 368 2400 630 3371 3488 4734 4464 6701 3506 6175 6613 5541 903 3640
28 9480 2516 6834 9183 9978 6955 2360 839 1531 7892 294 4314 3340 1898 5338 4829 995 4905 4217 6035 9283 9500 4122 941 6837 7676 3265 4034
28 186 3440 4305 99 857 9612 2615 2024 2283 9125 3392 4715 8045 3945 6210 5067 1881 5935 4919 6150 9892 9927 4772 1671 7547 8480 3443 4730
28 7427 7796 1135 2301 2549 1950 3259 4090 3947 9651 7032 7474 8155 5709 6486 5457 2611 7526 5104 6381 509 4012 5626 1772 7765 1614 17 7289
28 7534 9121 3006 4546 3013 2485 7591 6308 4071 429 7906 7879 8528 6119 6825 5766 2853 8665 5301 6988 1074 4787 6205 3105 9073 2430 1356 7600
28 9237 9893 3225 7226 5407 5813 7898 438 7135 3273 8576 2555 2044 6799 6874 9079 3072 9789 5722 7251 2230 7027 7989 3502 583 9120 3134 9837
28 8328 799 8218 7785 5446 6408 8391 1494 8968 5639 918 5270 3176 7052 7449 9253 4098 622 8920 7509 3054 7596 9803 3789 4400 298 9103 4275
28 7227 3948 1706 3355 8033 7524 5300 3518 200 5970 1124 5661 4215 7170 7661 9473 7082 6097 443 7915 5615 8393 4289 8499 8047 308 3959 7438
28 2648 5131 6576 4701 8415 7910 8107 4150 1764 215 2857 6083 5128 7751 7758 132 7730 6790 621 2772 6014 8416 4884 217 1198 6484 2075 9924
28 3348 795 8957 7916 604 9940 9178 5163 3768 1336 3400 9833 5749 8550 1470 1789 7861 7986 1666 3091 7024 164 6901 2372 4035 8813 8315 1402
28 6754 3581 9045 9102 1324 187 527 859 6177 2610 3594 54 7679 9249 2217 3417 7998 8302 5888 3377 7238 515 8193 4591 4334 9934 9861 2191
28 9512 4801 9332 166 3942 1207 1634 1637 6298 3596 3955 489 8797 233 3078 3580 8937 8713 6592 3944 7958 1056 8884 9979 4339 948 1401 4745
28 4737 5974 4539 3613 8508 2840 2738 1682 6637 3760 7085 810 8889 1325 4123 4380 9077 9247 7193 8726 8467 4211 241 315 4943 1629 5641 6736
28 6233 9107 5245 1369 1140 3501 3605 2150 7195 7138 1703 1538 8894 1355 4869 5406 9672 68 8566 21 9573 4881 4049 1097 5551 7539 2417 4612
28 5651 9875 24 3974 5197 4852 3641 3657 4654 379 2567 3575 9346 5057 6267 5992 319 577 3060 699 1395 5186 7976 1101 5554 8142 3795 833
28 1749 4706 4885 4223 7242 9635 4688 4077 6547 4842 3342 6393 9395 5117 9464 6036 4502 1675 3279 785 4196 6502 8098 3476 8729 1770 7707 5377
28 8580 4759 5739 7656 662 2029 7147 4252 7384 7039 4651 6891 2312 8015 202 6831 4610 2209 4059 1148 6549 6883 9197 5054 1834 5733 7743 4886
28 7920 972 7463 8133 2239 2927 8823 4473 8930 1226 6382 6561 2976 1635 1473 7518 6757 3286 4482 1271 8432 7482 1532 5867 3801 7810 618 8975
28 8734 6893 7495 3327 3875 2951 9066 6001 3898 1331 3637 8395 4068 6271 2906 8293 7097 4662 5322 1297 9168 675 1584 6380 9571 485 3692 220
28 4416 4022 745 3571 5658 4302 4588 6363 4111 2743 6596 8858 5803 6915 3137 8613 9904 5960 7697 1488 454 3001 2147 8544 723 1007 3934 8507
28 5177 5060 1649 3681 8000 5416 2990 8259 4689 4023 8051 1700 7755 7738 3721 219 123 7913 9145 1518 7120 5873 2909 4614 1623 3853 4632 9486
28 1668 2871 4043 6399 596 7969 6044 8910 4778 4478 525 2938 1464 8440 5534 1498 153 9273 9234 1895 7708 6461 8429 7671 8462 3871 6657 9774
28 4359 7750 6248 9708 2632 8849 9313 4984 5022 4921 4497 3456 2109 9003 6678 1679 746 1190 110 1967 8044 2287 276 8702 4474 6987 8452 5314
28 1942 7792 7603 2955 3393 879 9414 8314 5489 5175 4580 4351 2111 9398 7632 2274 1688 2042 381 3338 1674 4206 1188 2421 6110 9159 8844 7585
28 5379 8901 7747 7928 4231 5164 3071 8774 9665 6438 5454 4795 3182 9538 7961 2331 2687 3251 1561 6315 5174 4459 1485 8418 7876 9222 5381 4623
28 6483 6007 1643 9937 6022 5656 9836 9153 1868 8776 7446 5998 3616 5450 8254 4503 3019 5288 1880 7129 7764 6992 2077 9639 9201 9692 5579 5754
28 6548 8792 2053 6671 6868 7825 2771 778 3863 9691 9091 6139 5036 9317 1132 6291 3969 7428 4767 8060 7904 7077 3631 2798 9995 1445 7567 7531
28 8755 428 2122 9739 8223 104 3080 2299 6557 586 9108 7710 5271 11 1378 602 4309 7753 5921 950 8798 7581 4344 2888 1173 3752 7682 2841
28 2099 3303 3556 9895 8299 3450 3112 6664 560 3198 1122 9418 7619 1484 5630 789 4809 8356 661 1785 2707 7717 7184 9967 5657 4567 2500 3607
28 3056 5958 8401 863 638 3902 3442 8357 805 3292 5814 2257 9013 4178 8116 1138 5740 9217 2834 2439 3686 2144 7392 2561 9401 5397 4544 8900
28 2379 9446 8560 2940 2238 5521 3545 590 1388 3619 6413 4028 9614 4216 8407 1262 7967 2102 3173 3455 3933 3236 8049 2934 1427 5423 6794 4181
28 8701 5511 470 8202 4176 6146 2525 1191 2445 5159 8574 4705 1888 4589 8552 1876 8914 2699 5261 6019 4379 3471 237 5072 2659 9245 7421 9707
28 288 5942 1049 2177 8874 6444 3357 4039 9169 7382 8785 5552 2023 4946 9288 4853 1451 8994 6059 893 7162 3493 3063 8090 3887 9575 682 9679
28 8339 4846 1729 4937 552 6967 5217 5435 9923 7816 9675 6538 4321 5228 714 4877 3856 162 6432 3224 9484 4279 4989 9047 4151 5318 2988 2864
28 4832 8389 3243 5144 6811 9801 6581 9782 375 8617 3172 816 9827 5283 1208 5386 3940 2969 6922 6010 736 7488 892 2444 4818 8622 5543 4094
28 1178 8745 6882 3149 1780 719 7201 908 5593 9483 3815 1650 641 6785 3343 7402 5290 5668 8311 6559 2812 7658 4141 2718 6761 34 7701 7885
28 1303 5330 7122 5306 2618 3366 9546 2621 6544 2537 4000 4414 2684 8969 708 1567 5794 8436 845 7178 3537 7691 6711 3349 6885 587 102 9593
28 6517 8902 9916 8513 4997 6634 9621 8472 8739 2629 4055 5346 3375 9918 1014 4390 7803 3998 954 843 4198 7868 8863 3562 279 3590 1995 2980
28 9536 2104 1608 2475 7874 7711 9746 9163 9429 5724 4484 5505 4690 9993 1053 6407 8632 4210 1965 3679 4802 9650 272 6302 7505 6221 3142 4221
28 2520 8027 3322 5444 9157 8708 912 9799 2846 5804 5049 8827 7737 3309 1839 9286 8864 5268 5976 6081 8857 569 1001 1765 9865 6676 8784 9309
28 6388 425 4365 5618 9563 8756 3388 575 4661 6269 5647 1949 9834 3758 2063 1883 9189 7889 6759 6187 990 1365 2671 3154 1641 9440 2696 3086
28 207 9919 372 5922 870 874 6718 2178 5150 6518 8055 4199 9841 4079 5035 4101 55 8539 9199 7171 2169 2653 2715 4924 4137 787 4561 7425
28 4054 2137 7739 1031 1413 1591 8073 3396 5594 8011 9447 4363 614 9303 5105 4856 302 8586 9507 8062 6061 2919 7036 5783 4825 4195 1288 7602
28 5507 570 7795 4517 2442 4192 327 5309 7445 9727 1590 6398 642 2649 5995 6163 1439 8631 2246 2123 6821 6095 7503 5800 6985 4608 2705 3981
28 450 1686 8346 4766 4960 6661 1157 1581 228 2019 2900 8601 952 2958 6093 6567 2508 8772 6000 2928 9818 7045 8087 71 7545 8363 9194 2509
28 2992 9656 2205 9435 8139 7599 1463 8034 416 4117 3954 8725 1227 3005 8320 1690 3194 9134 6679 6027 397 9796 1989 87 8952 36 9506 6879
28 1562 5084 6440 5392 9048 1109 260 9137 6550 6417 4105 9298 2126 6283 598 3674 3214 2423 803 6289 2797 2332 5398 1315 9083 4242 9873 9793
28 5453 7840 80 7096 9385 1959 4696 4923 849 9028 4384 3478 5357 7647 1021 4267 3733 8732 1192 9899 3257 6606 7604 3790 9735 4931 6184 2598
28 8620 8289 5577 9127 2326 2808 5305 5568 1490 9952 5833 6420 8397 7802 1319 6921 4793 9901 2057 1841 5354 6812 7851 4768 2258 6168 7486 5495
28 3576 115 806 210 3401 3391 6206 6687 4681 9980 304 8301 9869 8228 3121 8638 5017 674 3451 3842 6286 7953 8232 5332 2273 380 8679 2778
28 4670 902 3536 334 3650 5934 2616 9023 4773 1123 962 9149 174 9320 3222 9106 6458 2241 5707 4161 9411 9427 8373 6447 7010 1024 3339 5957
28 7473 4472 4913 3184 3767 9896 6663 2220 5780 2175 1757 9260 437 9355 4519 9110 6570 2591 2001 6138 1362 9594 8 7609 7559 1404 6465 3988
28 9404 92 8134 3764 4204 923 7827 6702 9075 4536 8430 9819 2924 9824 5345 9825 6872 6052 3659 7133 1774 559 400 9130 9534 8306 8515 4383
28 9439 2689 9935 4235 9274 4003 1235 8233 126 5038 8483 9908 4987 1597 5868 9948 8425 678 4953 608 3376 3675 867 2151 2552 8310 2129 3609
28 2035 722 2874 6758 1805 4813 1850 8572 931 7061 2809 13 5424 1820 8078 1200 340 1328 7104 1664 5686 5725 4318 3334 4236 9933 3787 4480
28 2363 1831 9359 7416 2387 4863 2105 1006 2094 9031 3238 1931 5561 2973 9644 1902 2773 2954 7936 3444 5741 6020 4586 7683 5610 2025 2012 7881
28 4718 6324 240 94 7349 5044 4102 3215 7222 9942 4858 2101 5927 3399 387 2155 3989 5076 8811 4643 6232 280 6803 9649 6228 3370 3819 877
28 4350 7782 2717 3698 9870 8867 4412 3530 9729 4585 6511 7523 6376 3606 1601 5179 4293 5293 3820 4698 6535 2780 7183 4010 7562 4284 4800 726
28 6122 8036 4695 3884 869 3407 6203 8985 865 4630 7432 7693 7062 4627 2383 5372 4439 6520 4847 5978 6560 2781 566 4790 7733 6220 5558 5632
28 7625 8625 4726 394 4902 6128 9065 293 1796 7279 8907 8570 9188 4642 2964 5787 8853 7166 6068 7846 593 7098 1311 9225 1421 6378 8283 6126
28 3155 6147 90 858 5620 8336 3439 310 1857 1823 4295 396 1550 5048 4143 8365 475 7207 6328 9327 4678 983 2314 9566 3669 7423 3200 1028
28 6568 6690 1050 6528 8327 9069 6005 2119 5855 3889 6584 398 1730 5791 4257 8821 971 7806 9754 670 5389 1430 3108 6311 6320 7893 5762 1344
28 5081 9113 2651 7705 9618 3604 2779 3228 7221 6455 6628 2461 2082 5845 4900 9624 1798 659 1314 2661 6919 3098 5878 7230 1726 3195 8198 4839
28 5171 7105 2943 8808 168 4436 3685 6092 7415 9211 8839 5419 3435 6873 6064 9976 4037 1751 1570 3304 9272 5470 6566 680 2450 7267 8307 3696
28 6677 2905 920 1908 3069 4952 5430 7522 8584 313 9142 5532 7093 8292 9907 388 7595 2136 2523 6171 1606 5567 9633 996 2681 9568 9787 3749
28 354 3157 8991 7440 5018 6836 7351 1287 0 1284 1071 7513 8138 8692 1483 3169 8741 3849 2913 6895 3472 7298 9764 1744 2692 2594 1061 6506
28 120 5857 9835 8096 5086 7268 8300 3763 1657 4315 1654 1110 9748 8769 1547 3873 9284 4177 3880 8122 3888 7301 9883 2852 3464 5569 1578 7095
28 3906 2413 1582 145 7333 1929 2291 4418 2836 5535 2293 2218 3162 3152 2551 4364 9756 5267 4304 3761 5502 8919 9917 3018 4939 6016 1736 889
28 4075 4259 7665 1155 8280 2585 2329 5706 3867 6316 2827 2723 4127 5320 2978 8750 518 5988 4570 4345 6164 1237 9998 3437 6971 8599 2034 605
28 4130 949 9363 1852 2679 6255 5252 8274 4218 7117 2865 3107 6181 6928 5284 209 2457 6004 6835 6025 9009 1803 493 5650 9839 378 2199 2174
28 6610 5625 4975 5759 2823 6906 9697 9443 8188 7152 6250 3492 7330 7108 8115 1327 2833 6278 7922 9955 6345 3285 1976 6842 413 2071 2845 4668
28 4320 7433 6473 7818 7235 8208 405 2050 2619 8496 9315 8246 7540 7328 9373 1661 4720 6468 7970 262 6871 4237 3447 7016 479 2813 7264 4674
28 301 4995 8721 8160 1701 1156 2051 4710 3434 671 72 2595 3165 7578 9712 1740 5858 7863 8162 1840 8659 4934 3706 7199 1129 3299 7903 2507
28 1436 6306 9193 392 3061 5266 8097 9912 3531 847 364 4072 4880 8272 216 2145 8163 8836 9460 2576 8860 4968 5954 8144 3164 5555 195 5902
28 2436 7588 880 1046 3658 8161 5404 1353 4524 1305 2368 4298 7407 226 683 2298 8318 9909 651 3746 46 5213 7907 8245 4356 8129 1753 5586
28 4572 1620 3159 1919 4306 1414 9668 2660 6282 6120 3840 5609 8453 584 2643 5109 9887 445 944 4655 3458 5989 9024 9219 5224 303 1808 7618
28 8065 5203 3230 8549 4565 1851 3470 5544 9430 9140 4303 6479 9008 1218 3017 5666 4833 791 1864 6344 3848 6662 3289 9276 6037 1861 2143 2774
28 2948 8341 5697 804 5853 2286 3857 6290 9728 3894 4702 7772 9392 2859 5002 1986 5045 1825 1927 6705 8146 7041 3515 9641 7361 3249 6074 2985
28 5875 2340 7957 1802 8697 3479 6273 9857 1371 4443 7548 8145 1539 2925 5239 3188 5336 1896 3818 6877 8555 1261 3908 419 7477 5663 8614 4516
28 9890 4985 8039 7037 9336 4971 8542 702 1925 8597 9231 6 2278 8176 6575 3921 6950 2776 5566 8042 9062 3710 4466 1452 8468 7188 9539 1838
28 7430 5242 6106 9365 9433 7572 4596 4475 3788 9132 9617 317 3075 8337 6943 4263 8255 5493 8338 890 1847 6543 7397 6742 8817 1312 1380 6156
28 2947 7189 6153 1945 1179 8093 7911 5985 5107 9757 750 3133 4700 149 7276 5299 9215 9160 9989 2539 2729 3799 85 6080 2107 2656 2751 351
28 5913 7142 634 2189 2519 8439 8317 7208 5881 4958 6113 4310 7071 467 7841 7406 2270 606 1921 2962 2838 4487 2480 6346 3229 4771 8673 3007
28 5952 9321 3913 7270 864 9461 9467 8619 8505 6341 717 6633 7852 2295 7895 7787 2626 1425 2957 3441 8385 4547 4375 9615 4213 7110 2883 3512
28 6856 2899 4828 7799 4301 6631 737 8925 9136 7550 1205 7030 8241 4492 8559 8003 3834 4202 4491 4058 8935 5866 5438 2848 9314 504 3821 8360
28 45 7405 5254 3626 4486 6394 2876 1231 9636 7698 4538 8085 7282 4548 3480 8088 4569 4360 5229 7249 1010 5948 5990 4355 643 2039 8932 2391
28 3939 8277 8057 4577 5168 7551 3601 3985 5055 8349 5153 9111 9920 5627 3505 9661 5673 4873 5400 7965 1863 8826 6930 6789 1342 4296 9499 5915
28 4401 2665 9686 5030 9181 7944 4840 5183 8905 9306 5223 2046 724 8165 3793 9662 6706 2384 8089 8652 2476 9394 7274 1878 1912 6643 2746 5912
28 5216 3335 58 7033 9223 8214 7204 7752 4011 2675 5756 2055 981 9457 5000 9882 7288 3624 196 265 5445 1747 669 2250 2891 6923 6454 7450
28 3963 5328 457 8716 9334 571 9331 8799 5968 3918 5982 3196 2570 1290 8083 752 8113 182 3346 777 6050 2097 1219 6045 7211 4313 2949 8848
28 2826 1575 2156 341 339 1416 5092 9105 6301 7381 6075 3667 3881 2208 8242 3647 8248 1997 4197 965 8064 5980 2380 6226 3255 5130 3010 9038
28 4066 1659 4207 3009 6853 1467 9791 287 9017 7741 8658 3862 4747 2847 9289 5704 35 2642 5581 5533 1162 6213 3612 7321 4115 5977 3333 5592
28 369 4749 6756 5015 3016 2787 1039 1301 311 8768 9710 5481 5026 4108 9689 7344 1051 5790 6416 6265 1169 8504 3623 9119 6694 7292 6953 7552
28 2017 6959 4714 7442 3274 2996 2002 5698 5324 9941 9765 505 5347 5090 385 7978 1347 6603 7008 7651 1458 8647 4062 1197 1564 7348 7478 2290
28 5440 7740 7363 715 4458 4209 2917 6235 5926 30 776 2805 6337 5664 462 1220 1367 1282 5655 8753 1874 764 6414 1600 4875 7498 1398 2292
28 9716 9986 9992 3438 6189 4340 3298 8141 6129 175 1692 2807 7525 6352 751 1946 1758 3384 6165 10 3024 1320 7302 3680 6457 740 6066 5497
28 3473 147 2498 4376 7102 5070 4175 8650 9381 370 3956 3828 8759 6792 1040 3161 3662 3769 8923 66 7009 2010 8490 5063 8195 1938 2037 7553
28 1875 4281 3205 4583 7124 5832 5793 9876 744 1281 4134 8043 1266 6933 5451 3192 4496 5734 530 700 7471 2048 8837 6073 2885 2518 4676 8640
28 1916 6929 6997 1419 8305 249 5850 826 1195 2163 4911 9522 6212 9064 6373 5679 5975 8746 1013 1599 434 3320 1112 7424 3949 5681 830 9202
28 2879 4387 5126 2207 1522 352 6782 1423 2043 5563 5932 9676 9678 9175 6404 6115 8136 3256 3189 2440 5147 3738 1613 8446 4353 7101 616 9259
28 7263 1196 4013 2584 2262 2275 1399 1913 3210 6884 5938 2240 706 9206 6480 6353 9842 3481 8551 4648 5601 4817 4426 8777 2115 1035 823 6144
28 9329 1390 4601 2700 2420 3529 3489 4920 3699 8637 6914 2744 992 2961 7012 7582 1556 4417 8803 7629 6102 8520 9338 9565 4932 2510 976 6810
28 6747 3741 5863 7356 4030 3904 3773 5799 4564 9096 7034 5003 3448 3416 7286 9035 2887 5840 3275 8611 6745 1506 3135 3109 1149 9693 1776 345
28 9086 1545 8077 5363 4225 8114 4540 7327 5414 9122 7103 8479 5616 3663 9957 9264 6305 5965 5452 964 7831 1854 6907 4590 1504 407 4112 2902
28 4731 4882 8575 5893 5121 9053 8899 2608 9287 513 7291 8707 6368 4154 1471 183 6546 6735 5744 2080 8235 3122 9974 8517 3457 3307 245 7779
28 4783 8103 1020 6254 6713 1375 540 8074 9501 1970 8754 108 7670 4317 3110 681 7053 8417 7345 2512 355 5669 4008 9886 7354 5515 2650 8602
28 6710 2201 7510 930 8788 3247 2032 5622 760 3543 8779 1475 331 5469 4156 1011 9660 8448 382 5859 1335 7610 4638 1338 8460 7205 2783 8939
28 5199 8068 3513 1549 7273 4495 3174 6952 5032 4549 9235 2166 617 6195 4990 1104 710 9156 448 5996 5542 7623 5307 2763 754 7703 3645 1818
28 5244 9972 6199 2605 835 4930 8325 7587 5312 4606 896 2722 4084 6783 7784 1944 1678 9959 1958 8871 6815 7909 6611 3099 2428 665 4277 3459
28 7284 6752 8054 6357 2389 7259 9415 8449 5369 6681 2571 4322 4625 8780 8948 2319 2970 2494 3203 9154 6970 9129 8562 5617 3394 2062 8075 5390
28 238 8891 9299 6624 2466 8681 9981 9915 5879 7134 5795 4653 4635 9595 9911 6259 5024 3264 7834 9717 9382 1154 9638 9322 3504 5474 9605 8807
28 1322 9311 9744 8323 2775 8687 2364 1182 6202 1183 7566 5046 6956 1940 1389 8071 5302 3323 8433 7912 1693 1734 9830 9682 6614 7815 451 4763
28 9267 1821 1426 8703 3510 798 2473 1501 6864 1248 7790 5476 7131 2066 2691 8111 7044 5836 9698 8447 2740 1966 20 2708 6900 2232 1948 3697
28 3534 1937 2267 9366 4260 1377 4165 5557 8152 2308 8624 6995 7829 5773 4045 9465 7114 6323 179 9351 4711 3288 811 3232 609 5914 2184 5508
28 8205 2310 8408 9792 7436 1837 9530 7174 8509 7926 9170 9278 8838 5984 4081 9807 7590 6390 1652 619 5362 3762 6541 5654 3777 3364 4452 7801
28 861 2753 9057 6927 7853 7314 1151 7461 6604 8191 165 2662 8951 7626 4521 9965 8775 6964 3113 5139 7857 5726 7051 6573 8239 3664 8804 7331
28 9018 7719 14 7224 652 409 4463 9732 969 9241 868 2714 3235 7982 8222 2965 9626 7378 3452 7236 8967 6994 9252 8820 928 8102 818 96
28 1718 8217 550 5141 1418 1621 8298 2140 4352 444 1033 3025 5091 8260 8402 3568 173 9258 3930 7252 150 7213 9448 1705 1185 9166 2443 9444
28 1323 1019 6082 5575 4914 2405 1346 2968 5973 1665 1381 7824 5842 376 9521 3722 926 940 7066 8296 1806 5 1376 3430 3852 52 2556 9482
28 4976 3994 1204 1720 6531 2631 2228 5425 8374 2146 6944 9426 8308 4542 2121 4511 2721 1222 9015 8564 3217 822 3254 3646 4070 3354 4193 53
28 7106 4180 1981 4393 7575 3106 2800 6481 63 3167 8038 1116 9098 4757 3190 4765 3519 1554 1915 9749 3419 2403 3398 4531 6846 3707 4803 5240
28 3687 6688 3638 7229 9046 4021 4051 6629 578 7807 8639 2429 9520 5230 3362 5103 3634 4494 2432 465 4437 8855 5114 6833 112 6602 8256 5852
28 6321 5548 6572 905 1645 5056 6802 6801 755 7930 1428 3410 4385 5409 4664 5260 6456 4708 2597 899 6949 1397 5862 8326 393 7454 9610 8196
28 9604 1254 7192 1422 2259 5699 7180 8046 1121 901 2244 3914 4545 7568 5825 5339 6670 4835 2745 3344 8748 3497 6798 282 2410 2392 481 247
28 9891 6599 4087 3475 5817 297 142 8334 2152 2187 5180 5649 4722 8666 5892 5462 7837 6578 3124 4888 9498 4507 7773 3999 4994 4573 9778 1964
28 7001 7281 6419 4663 6558 2412 4740 8705 3924 4374 6786 5738 5537 9263 6750 5758 9043 1870 3491 5422 705 4515 8190 9397 5614 947 8589 7491
28 6903 5830 7490 9731 1647 3118 5123 1146 5051 6193 635 6788 8461 1265 7058 7323 963 2213 6140 6397 1042 5370 8810 4752 7990 1612 2694 8352
28 2690 7185 7499 5861 7849 7728 6896 1824 154 6766 2346 7789 3119 1848 8220 7420 1865 4966 6300 8154 2089 8084 2027 4965 5019 6813 4555 1905
28 2736 3864 8117 3408 9133 1435 628 3431 163 7167 2583 9456 4093 1984 9485 9112 1952 5004 7615 8355 2620 8683 2335 8295 7692 9999 4562 6791
