428
354
19
298
11
604
28
1
4
167
799
265
70
154
483
109
820
181
22
775
441
29
39
34
275
87
211
38
203
21
860
5
652
645
35
358
233
25
602
41
433
605
964
48
688
92
260
24
125
951
570
241
329
347
98
140
23
567
596
251
663
480
222
514
869
3
387
17
7
286
78
442
50
479
296
166
504
728
202
468
216
560
576
62
16
73
743
364
81
450
228
281
56
189
724
201
121
136
43
14
13
606
230
497
536
309
644
9
60
197
654
460
784
159
370
404
546
149
532
499
723
627
849
74
100
196
436
584
412
272
301
488
736
316
889
120
638
325
352
761
998
997
367
302
472
261
924
89
300
393
225
179
194
467
815
254
277
361
778
332
416
888
702
348
439
103
294
141
994
193
205
77
145
768
83
45
209
777
148
245
210
406
446
106
746
170
268
435
677
802
139
550
187
75
616
755
184
178
279
704
174
127
217
90
314
235
519
232
229
212
107
113
287
112
111
423
756
899
239
313
531
559
477
33
597
213
292
648
509
557
707
462
219
278
299
186
276
42
284
283
732
565
192
411
63
505
176
614
132
311
164
463
457
267
692
274
377
346
378
320
913
389
240
420
451
745
220
319
258
351
357
312
803
485
921
809
380
255
247
671
328
867
520
177
391
908
712
431
508
539
303
282
456
526
939
142
362
342
360
473
369
486
317
641
992
356
334
506
315
502
623
397
950
381
848
611
741
333
430
507
489
110
293
400
305
323
923
556
516
396
448
533
742
551
493
826
421
530
500
647
561
555
540
549
574
807
440
719
962
349
340
706
836
379
679
819
658
667
326
429
594
830
613
727
682
771
491
626
629
812
729
922
880
541
942
122
538
640
718
678
747
588
208
852
878
829
804
669
865
786
374
425
655
649
725
907
554
650
569
515
733
575
970
610
646
680
642
863
591
791
687
757
779
963
754
926
592
842
790
690
976
917
693
621
656
936
896
730
308
